2017-03-01 19:02:28 - PHP Notice:  Undefined variable: informations in /home/c/ch41700/battery/public_html/catalog/view/theme/default/template/common/header.tpl on line 125
2017-03-01 19:02:28 - PHP Warning:  Invalid argument supplied for foreach() in /home/c/ch41700/battery/public_html/catalog/view/theme/default/template/common/header.tpl on line 125
2017-03-01 19:02:42 - PHP Notice:  Undefined variable: informations in /home/c/ch41700/battery/public_html/catalog/view/theme/default/template/common/header.tpl on line 125
2017-03-01 19:02:42 - PHP Warning:  Invalid argument supplied for foreach() in /home/c/ch41700/battery/public_html/catalog/view/theme/default/template/common/header.tpl on line 125
2017-03-01 19:04:50 - PHP Notice:  Undefined variable: og_url in /home/c/ch41700/battery/public_html/catalog/view/theme/default/template/common/header.tpl on line 22
2017-03-01 19:04:50 - PHP Notice:  Undefined variable: og_image in /home/c/ch41700/battery/public_html/catalog/view/theme/default/template/common/header.tpl on line 23
2017-03-01 19:09:54 - PHP Notice:  Undefined variable: og_url in /home/c/ch41700/battery/public_html/catalog/view/theme/default/template/common/header.tpl on line 22
2017-03-01 19:09:54 - PHP Notice:  Undefined variable: og_image in /home/c/ch41700/battery/public_html/catalog/view/theme/default/template/common/header.tpl on line 23
2017-03-01 19:10:02 - PHP Notice:  Undefined variable: og_url in /home/c/ch41700/battery/public_html/catalog/view/theme/default/template/common/header.tpl on line 22
2017-03-01 19:10:02 - PHP Notice:  Undefined variable: og_image in /home/c/ch41700/battery/public_html/catalog/view/theme/default/template/common/header.tpl on line 23
2017-03-01 19:10:06 - PHP Notice:  Undefined variable: og_url in /home/c/ch41700/battery/public_html/catalog/view/theme/default/template/common/header.tpl on line 22
2017-03-01 19:10:06 - PHP Notice:  Undefined variable: og_image in /home/c/ch41700/battery/public_html/catalog/view/theme/default/template/common/header.tpl on line 23
2017-03-01 19:10:23 - PHP Notice:  Undefined variable: og_url in /home/c/ch41700/battery/public_html/catalog/view/theme/default/template/common/header.tpl on line 22
2017-03-01 19:10:23 - PHP Notice:  Undefined variable: og_image in /home/c/ch41700/battery/public_html/catalog/view/theme/default/template/common/header.tpl on line 23
2017-03-01 19:11:30 - PHP Notice:  Undefined variable: og_url in /home/c/ch41700/battery/public_html/catalog/view/theme/default/template/common/header.tpl on line 22
2017-03-01 19:11:30 - PHP Notice:  Undefined variable: og_image in /home/c/ch41700/battery/public_html/catalog/view/theme/default/template/common/header.tpl on line 23
2017-03-01 19:35:52 - PHP Notice:  Undefined variable: og_url in /home/c/ch41700/battery/public_html/catalog/view/theme/default/template/common/header.tpl on line 22
2017-03-01 19:35:52 - PHP Notice:  Undefined variable: og_image in /home/c/ch41700/battery/public_html/catalog/view/theme/default/template/common/header.tpl on line 23
2017-03-01 19:35:55 - PHP Notice:  Undefined variable: og_url in /home/c/ch41700/battery/public_html/catalog/view/theme/default/template/common/header.tpl on line 22
2017-03-01 19:35:55 - PHP Notice:  Undefined variable: og_image in /home/c/ch41700/battery/public_html/catalog/view/theme/default/template/common/header.tpl on line 23
2017-03-01 19:37:15 - PHP Notice:  Undefined variable: og_url in /home/c/ch41700/battery/public_html/catalog/view/theme/default/template/common/header.tpl on line 22
2017-03-01 19:37:15 - PHP Notice:  Undefined variable: og_image in /home/c/ch41700/battery/public_html/catalog/view/theme/default/template/common/header.tpl on line 23
2017-03-01 19:37:49 - PHP Notice:  Undefined variable: og_url in /home/c/ch41700/battery/public_html/catalog/view/theme/default/template/common/header.tpl on line 22
2017-03-01 19:37:49 - PHP Notice:  Undefined variable: og_image in /home/c/ch41700/battery/public_html/catalog/view/theme/default/template/common/header.tpl on line 23
2017-03-01 19:37:53 - PHP Notice:  Undefined variable: og_url in /home/c/ch41700/battery/public_html/catalog/view/theme/default/template/common/header.tpl on line 22
2017-03-01 19:37:53 - PHP Notice:  Undefined variable: og_image in /home/c/ch41700/battery/public_html/catalog/view/theme/default/template/common/header.tpl on line 23
2017-03-01 19:38:09 - PHP Notice:  Undefined variable: og_url in /home/c/ch41700/battery/public_html/catalog/view/theme/default/template/common/header.tpl on line 22
2017-03-01 19:38:09 - PHP Notice:  Undefined variable: og_image in /home/c/ch41700/battery/public_html/catalog/view/theme/default/template/common/header.tpl on line 23
2017-03-01 19:38:25 - PHP Notice:  Undefined variable: og_url in /home/c/ch41700/battery/public_html/catalog/view/theme/default/template/common/header.tpl on line 22
2017-03-01 19:38:25 - PHP Notice:  Undefined variable: og_image in /home/c/ch41700/battery/public_html/catalog/view/theme/default/template/common/header.tpl on line 23
2017-03-01 19:38:29 - PHP Notice:  Undefined variable: og_url in /home/c/ch41700/battery/public_html/catalog/view/theme/default/template/common/header.tpl on line 22
2017-03-01 19:38:29 - PHP Notice:  Undefined variable: og_image in /home/c/ch41700/battery/public_html/catalog/view/theme/default/template/common/header.tpl on line 23
2017-03-01 19:39:10 - PHP Notice:  Undefined variable: og_url in /home/c/ch41700/battery/public_html/catalog/view/theme/default/template/common/header.tpl on line 22
2017-03-01 19:39:10 - PHP Notice:  Undefined variable: og_image in /home/c/ch41700/battery/public_html/catalog/view/theme/default/template/common/header.tpl on line 23
2017-03-01 19:40:07 - PHP Notice:  Undefined variable: og_url in /home/c/ch41700/battery/public_html/catalog/view/theme/default/template/common/header.tpl on line 22
2017-03-01 19:40:07 - PHP Notice:  Undefined variable: og_image in /home/c/ch41700/battery/public_html/catalog/view/theme/default/template/common/header.tpl on line 23
2017-03-01 19:41:11 - PHP Notice:  Undefined variable: og_url in /home/c/ch41700/battery/public_html/catalog/view/theme/default/template/common/header.tpl on line 22
2017-03-01 19:41:11 - PHP Notice:  Undefined variable: og_image in /home/c/ch41700/battery/public_html/catalog/view/theme/default/template/common/header.tpl on line 23
2017-03-01 19:42:38 - PHP Notice:  Undefined variable: og_url in /home/c/ch41700/battery/public_html/catalog/view/theme/default/template/common/header.tpl on line 22
2017-03-01 19:42:38 - PHP Notice:  Undefined variable: og_image in /home/c/ch41700/battery/public_html/catalog/view/theme/default/template/common/header.tpl on line 23
2017-03-01 19:43:17 - PHP Notice:  Undefined variable: og_url in /home/c/ch41700/battery/public_html/catalog/view/theme/default/template/common/header.tpl on line 22
2017-03-01 19:43:17 - PHP Notice:  Undefined variable: og_image in /home/c/ch41700/battery/public_html/catalog/view/theme/default/template/common/header.tpl on line 23
2017-03-01 19:43:51 - PHP Notice:  Undefined variable: og_url in /home/c/ch41700/battery/public_html/catalog/view/theme/default/template/common/header.tpl on line 22
2017-03-01 19:43:51 - PHP Notice:  Undefined variable: og_image in /home/c/ch41700/battery/public_html/catalog/view/theme/default/template/common/header.tpl on line 23
2017-03-01 19:45:29 - PHP Notice:  Undefined variable: og_url in /home/c/ch41700/battery/public_html/catalog/view/theme/default/template/common/header.tpl on line 22
2017-03-01 19:45:29 - PHP Notice:  Undefined variable: og_image in /home/c/ch41700/battery/public_html/catalog/view/theme/default/template/common/header.tpl on line 23
2017-03-01 19:47:14 - PHP Notice:  Undefined variable: og_url in /home/c/ch41700/battery/public_html/catalog/view/theme/default/template/common/header.tpl on line 22
2017-03-01 19:47:14 - PHP Notice:  Undefined variable: og_image in /home/c/ch41700/battery/public_html/catalog/view/theme/default/template/common/header.tpl on line 23
2017-03-01 19:47:32 - PHP Notice:  Undefined variable: og_url in /home/c/ch41700/battery/public_html/catalog/view/theme/default/template/common/header.tpl on line 22
2017-03-01 19:47:32 - PHP Notice:  Undefined variable: og_image in /home/c/ch41700/battery/public_html/catalog/view/theme/default/template/common/header.tpl on line 23
2017-03-01 19:47:49 - PHP Notice:  Undefined variable: og_url in /home/c/ch41700/battery/public_html/catalog/view/theme/default/template/common/header.tpl on line 22
2017-03-01 19:47:49 - PHP Notice:  Undefined variable: og_image in /home/c/ch41700/battery/public_html/catalog/view/theme/default/template/common/header.tpl on line 23
2017-03-01 19:49:19 - PHP Notice:  Undefined variable: og_url in /home/c/ch41700/battery/public_html/catalog/view/theme/default/template/common/header.tpl on line 22
2017-03-01 19:49:19 - PHP Notice:  Undefined variable: og_image in /home/c/ch41700/battery/public_html/catalog/view/theme/default/template/common/header.tpl on line 23
2017-03-01 19:49:47 - PHP Notice:  Undefined variable: og_url in /home/c/ch41700/battery/public_html/catalog/view/theme/default/template/common/header.tpl on line 22
2017-03-01 19:49:47 - PHP Notice:  Undefined variable: og_image in /home/c/ch41700/battery/public_html/catalog/view/theme/default/template/common/header.tpl on line 23
2017-03-01 19:50:28 - PHP Notice:  Undefined variable: og_url in /home/c/ch41700/battery/public_html/catalog/view/theme/default/template/common/header.tpl on line 22
2017-03-01 19:50:28 - PHP Notice:  Undefined variable: og_image in /home/c/ch41700/battery/public_html/catalog/view/theme/default/template/common/header.tpl on line 23
2017-03-02 8:21:05 - PHP Notice:  Undefined variable: og_url in /home/c/ch41700/battery/public_html/catalog/view/theme/default/template/common/header.tpl on line 22
2017-03-02 8:21:05 - PHP Notice:  Undefined variable: og_image in /home/c/ch41700/battery/public_html/catalog/view/theme/default/template/common/header.tpl on line 23
2017-03-02 8:21:55 - PHP Notice:  Undefined variable: og_url in /home/c/ch41700/battery/public_html/catalog/view/theme/default/template/common/header.tpl on line 22
2017-03-02 8:21:55 - PHP Notice:  Undefined variable: og_image in /home/c/ch41700/battery/public_html/catalog/view/theme/default/template/common/header.tpl on line 23
2017-03-02 8:35:27 - PHP Notice:  Undefined variable: og_url in /home/c/ch41700/battery/public_html/catalog/view/theme/default/template/common/header.tpl on line 22
2017-03-02 8:35:27 - PHP Notice:  Undefined variable: og_image in /home/c/ch41700/battery/public_html/catalog/view/theme/default/template/common/header.tpl on line 23
2017-03-02 8:51:58 - PHP Notice:  Undefined variable: og_url in /home/c/ch41700/battery/public_html/catalog/view/theme/default/template/common/header.tpl on line 22
2017-03-02 8:51:58 - PHP Notice:  Undefined variable: og_image in /home/c/ch41700/battery/public_html/catalog/view/theme/default/template/common/header.tpl on line 23
2017-03-02 8:52:24 - PHP Notice:  Undefined variable: og_url in /home/c/ch41700/battery/public_html/catalog/view/theme/default/template/common/header.tpl on line 22
2017-03-02 8:52:24 - PHP Notice:  Undefined variable: og_image in /home/c/ch41700/battery/public_html/catalog/view/theme/default/template/common/header.tpl on line 23
2017-03-02 8:53:59 - PHP Notice:  Undefined variable: og_url in /home/c/ch41700/battery/public_html/catalog/view/theme/default/template/common/header.tpl on line 22
2017-03-02 8:53:59 - PHP Notice:  Undefined variable: og_image in /home/c/ch41700/battery/public_html/catalog/view/theme/default/template/common/header.tpl on line 23
2017-03-02 8:55:20 - PHP Notice:  Undefined variable: og_url in /home/c/ch41700/battery/public_html/catalog/view/theme/default/template/common/header.tpl on line 22
2017-03-02 8:55:20 - PHP Notice:  Undefined variable: og_image in /home/c/ch41700/battery/public_html/catalog/view/theme/default/template/common/header.tpl on line 23
2017-03-02 9:09:11 - PHP Notice:  Undefined variable: og_url in /home/c/ch41700/battery/public_html/catalog/view/theme/default/template/common/header.tpl on line 22
2017-03-02 9:09:11 - PHP Notice:  Undefined variable: og_image in /home/c/ch41700/battery/public_html/catalog/view/theme/default/template/common/header.tpl on line 23
2017-03-02 9:13:47 - PHP Notice:  Undefined variable: og_url in /home/c/ch41700/battery/public_html/catalog/view/theme/default/template/common/header.tpl on line 22
2017-03-02 9:13:47 - PHP Notice:  Undefined variable: og_image in /home/c/ch41700/battery/public_html/catalog/view/theme/default/template/common/header.tpl on line 23
2017-03-02 9:13:51 - PHP Notice:  Undefined variable: og_url in /home/c/ch41700/battery/public_html/catalog/view/theme/default/template/common/header.tpl on line 22
2017-03-02 9:13:51 - PHP Notice:  Undefined variable: og_image in /home/c/ch41700/battery/public_html/catalog/view/theme/default/template/common/header.tpl on line 23
2017-03-02 9:14:03 - PHP Notice:  Undefined variable: og_url in /home/c/ch41700/battery/public_html/catalog/view/theme/default/template/common/header.tpl on line 22
2017-03-02 9:14:03 - PHP Notice:  Undefined variable: og_image in /home/c/ch41700/battery/public_html/catalog/view/theme/default/template/common/header.tpl on line 23
2017-03-02 9:14:05 - PHP Notice:  Undefined variable: og_url in /home/c/ch41700/battery/public_html/catalog/view/theme/default/template/common/header.tpl on line 22
2017-03-02 9:14:05 - PHP Notice:  Undefined variable: og_image in /home/c/ch41700/battery/public_html/catalog/view/theme/default/template/common/header.tpl on line 23
2017-03-02 9:15:25 - PHP Notice:  Undefined variable: og_url in /home/c/ch41700/battery/public_html/catalog/view/theme/default/template/common/header.tpl on line 22
2017-03-02 9:15:25 - PHP Notice:  Undefined variable: og_image in /home/c/ch41700/battery/public_html/catalog/view/theme/default/template/common/header.tpl on line 23
2017-03-02 9:15:38 - PHP Notice:  Undefined variable: og_url in /home/c/ch41700/battery/public_html/catalog/view/theme/default/template/common/header.tpl on line 22
2017-03-02 9:15:38 - PHP Notice:  Undefined variable: og_image in /home/c/ch41700/battery/public_html/catalog/view/theme/default/template/common/header.tpl on line 23
2017-03-02 9:25:34 - PHP Notice:  Undefined variable: og_url in /home/c/ch41700/battery/public_html/catalog/view/theme/default/template/common/header.tpl on line 22
2017-03-02 9:25:34 - PHP Notice:  Undefined variable: og_image in /home/c/ch41700/battery/public_html/catalog/view/theme/default/template/common/header.tpl on line 23
2017-03-02 9:25:38 - PHP Notice:  Undefined variable: og_url in /home/c/ch41700/battery/public_html/catalog/view/theme/default/template/common/header.tpl on line 22
2017-03-02 9:25:38 - PHP Notice:  Undefined variable: og_image in /home/c/ch41700/battery/public_html/catalog/view/theme/default/template/common/header.tpl on line 23
2017-03-02 9:31:02 - PHP Notice:  Undefined variable: og_url in /home/c/ch41700/battery/public_html/catalog/view/theme/default/template/common/header.tpl on line 22
2017-03-02 9:31:02 - PHP Notice:  Undefined variable: og_image in /home/c/ch41700/battery/public_html/catalog/view/theme/default/template/common/header.tpl on line 23
2017-03-02 9:31:16 - PHP Notice:  Undefined variable: og_url in /home/c/ch41700/battery/public_html/catalog/view/theme/default/template/common/header.tpl on line 22
2017-03-02 9:31:16 - PHP Notice:  Undefined variable: og_image in /home/c/ch41700/battery/public_html/catalog/view/theme/default/template/common/header.tpl on line 23
2017-03-02 9:35:53 - PHP Notice:  Undefined variable: og_url in /home/c/ch41700/battery/public_html/catalog/view/theme/default/template/common/header.tpl on line 22
2017-03-02 9:35:53 - PHP Notice:  Undefined variable: og_image in /home/c/ch41700/battery/public_html/catalog/view/theme/default/template/common/header.tpl on line 23
2017-03-02 9:41:04 - PHP Notice:  Undefined variable: og_url in /home/c/ch41700/battery/public_html/catalog/view/theme/default/template/common/header.tpl on line 22
2017-03-02 9:41:04 - PHP Notice:  Undefined variable: og_image in /home/c/ch41700/battery/public_html/catalog/view/theme/default/template/common/header.tpl on line 23
2017-03-02 11:13:07 - PHP Notice:  Undefined variable: og_url in /home/c/ch41700/battery/public_html/catalog/view/theme/default/template/common/header.tpl on line 22
2017-03-02 11:13:07 - PHP Notice:  Undefined variable: og_image in /home/c/ch41700/battery/public_html/catalog/view/theme/default/template/common/header.tpl on line 23
2017-03-02 13:37:22 - PHP Notice:  Undefined variable: og_url in /home/c/ch41700/battery/public_html/catalog/view/theme/default/template/common/header.tpl on line 22
2017-03-02 13:37:22 - PHP Notice:  Undefined variable: og_image in /home/c/ch41700/battery/public_html/catalog/view/theme/default/template/common/header.tpl on line 23
2017-03-02 14:08:03 - PHP Notice:  Undefined variable: og_url in /home/c/ch41700/battery/public_html/catalog/view/theme/default/template/common/header.tpl on line 22
2017-03-02 14:08:03 - PHP Notice:  Undefined variable: og_image in /home/c/ch41700/battery/public_html/catalog/view/theme/default/template/common/header.tpl on line 23
2017-03-02 14:09:18 - PHP Notice:  Undefined variable: og_url in /home/c/ch41700/battery/public_html/catalog/view/theme/default/template/common/header.tpl on line 22
2017-03-02 14:09:18 - PHP Notice:  Undefined variable: og_image in /home/c/ch41700/battery/public_html/catalog/view/theme/default/template/common/header.tpl on line 23
2017-03-02 14:09:31 - PHP Notice:  Undefined variable: og_url in /home/c/ch41700/battery/public_html/catalog/view/theme/default/template/common/header.tpl on line 22
2017-03-02 14:09:31 - PHP Notice:  Undefined variable: og_image in /home/c/ch41700/battery/public_html/catalog/view/theme/default/template/common/header.tpl on line 23
2017-03-02 14:11:11 - PHP Notice:  Undefined variable: og_url in /home/c/ch41700/battery/public_html/catalog/view/theme/default/template/common/header.tpl on line 22
2017-03-02 14:11:11 - PHP Notice:  Undefined variable: og_image in /home/c/ch41700/battery/public_html/catalog/view/theme/default/template/common/header.tpl on line 23
2017-03-02 14:11:46 - PHP Notice:  Undefined variable: og_url in /home/c/ch41700/battery/public_html/catalog/view/theme/default/template/common/header.tpl on line 22
2017-03-02 14:11:46 - PHP Notice:  Undefined variable: og_image in /home/c/ch41700/battery/public_html/catalog/view/theme/default/template/common/header.tpl on line 23
2017-03-02 14:11:52 - PHP Notice:  Undefined variable: og_url in /home/c/ch41700/battery/public_html/catalog/view/theme/default/template/common/header.tpl on line 22
2017-03-02 14:11:52 - PHP Notice:  Undefined variable: og_image in /home/c/ch41700/battery/public_html/catalog/view/theme/default/template/common/header.tpl on line 23
2017-03-02 14:13:45 - PHP Notice:  Undefined variable: og_url in /home/c/ch41700/battery/public_html/catalog/view/theme/default/template/common/header.tpl on line 22
2017-03-02 14:13:45 - PHP Notice:  Undefined variable: og_image in /home/c/ch41700/battery/public_html/catalog/view/theme/default/template/common/header.tpl on line 23
2017-03-02 14:14:18 - PHP Notice:  Undefined variable: og_url in /home/c/ch41700/battery/public_html/catalog/view/theme/default/template/common/header.tpl on line 22
2017-03-02 14:14:18 - PHP Notice:  Undefined variable: og_image in /home/c/ch41700/battery/public_html/catalog/view/theme/default/template/common/header.tpl on line 23
2017-03-02 14:15:55 - PHP Notice:  Undefined variable: og_url in /home/c/ch41700/battery/public_html/catalog/view/theme/default/template/common/header.tpl on line 22
2017-03-02 14:15:55 - PHP Notice:  Undefined variable: og_image in /home/c/ch41700/battery/public_html/catalog/view/theme/default/template/common/header.tpl on line 23
2017-03-02 14:19:21 - PHP Notice:  Undefined variable: og_url in /home/c/ch41700/battery/public_html/catalog/view/theme/default/template/common/header.tpl on line 22
2017-03-02 14:19:21 - PHP Notice:  Undefined variable: og_image in /home/c/ch41700/battery/public_html/catalog/view/theme/default/template/common/header.tpl on line 23
2017-03-02 14:37:21 - PHP Notice:  Undefined variable: og_url in /home/c/ch41700/battery/public_html/catalog/view/theme/default/template/common/header.tpl on line 22
2017-03-02 14:37:21 - PHP Notice:  Undefined variable: og_image in /home/c/ch41700/battery/public_html/catalog/view/theme/default/template/common/header.tpl on line 23
2017-03-02 14:37:26 - PHP Notice:  Undefined variable: og_url in /home/c/ch41700/battery/public_html/catalog/view/theme/default/template/common/header.tpl on line 22
2017-03-02 14:37:26 - PHP Notice:  Undefined variable: og_image in /home/c/ch41700/battery/public_html/catalog/view/theme/default/template/common/header.tpl on line 23
2017-03-02 14:39:26 - PHP Notice:  Undefined variable: og_url in /home/c/ch41700/battery/public_html/catalog/view/theme/default/template/common/header.tpl on line 22
2017-03-02 14:39:26 - PHP Notice:  Undefined variable: og_image in /home/c/ch41700/battery/public_html/catalog/view/theme/default/template/common/header.tpl on line 23
2017-03-02 14:39:40 - PHP Notice:  Undefined variable: og_url in /home/c/ch41700/battery/public_html/catalog/view/theme/default/template/common/header.tpl on line 22
2017-03-02 14:39:40 - PHP Notice:  Undefined variable: og_image in /home/c/ch41700/battery/public_html/catalog/view/theme/default/template/common/header.tpl on line 23
2017-03-02 14:40:55 - PHP Notice:  Undefined variable: og_url in /home/c/ch41700/battery/public_html/catalog/view/theme/default/template/common/header.tpl on line 22
2017-03-02 14:40:55 - PHP Notice:  Undefined variable: og_image in /home/c/ch41700/battery/public_html/catalog/view/theme/default/template/common/header.tpl on line 23
2017-03-02 14:43:01 - PHP Notice:  Undefined variable: og_url in /home/c/ch41700/battery/public_html/catalog/view/theme/default/template/common/header.tpl on line 22
2017-03-02 14:43:01 - PHP Notice:  Undefined variable: og_image in /home/c/ch41700/battery/public_html/catalog/view/theme/default/template/common/header.tpl on line 23
2017-03-02 14:44:09 - PHP Notice:  Undefined variable: og_url in /home/c/ch41700/battery/public_html/catalog/view/theme/default/template/common/header.tpl on line 22
2017-03-02 14:44:09 - PHP Notice:  Undefined variable: og_image in /home/c/ch41700/battery/public_html/catalog/view/theme/default/template/common/header.tpl on line 23
2017-03-02 14:44:59 - PHP Notice:  Undefined variable: og_url in /home/c/ch41700/battery/public_html/catalog/view/theme/default/template/common/header.tpl on line 22
2017-03-02 14:44:59 - PHP Notice:  Undefined variable: og_image in /home/c/ch41700/battery/public_html/catalog/view/theme/default/template/common/header.tpl on line 23
2017-03-02 14:45:11 - PHP Notice:  Undefined variable: og_url in /home/c/ch41700/battery/public_html/catalog/view/theme/default/template/common/header.tpl on line 22
2017-03-02 14:45:11 - PHP Notice:  Undefined variable: og_image in /home/c/ch41700/battery/public_html/catalog/view/theme/default/template/common/header.tpl on line 23
2017-03-02 14:45:55 - PHP Notice:  Undefined variable: og_url in /home/c/ch41700/battery/public_html/catalog/view/theme/default/template/common/header.tpl on line 22
2017-03-02 14:45:55 - PHP Notice:  Undefined variable: og_image in /home/c/ch41700/battery/public_html/catalog/view/theme/default/template/common/header.tpl on line 23
2017-03-02 14:47:56 - PHP Notice:  Undefined variable: og_url in /home/c/ch41700/battery/public_html/catalog/view/theme/default/template/common/header.tpl on line 22
2017-03-02 14:47:56 - PHP Notice:  Undefined variable: og_image in /home/c/ch41700/battery/public_html/catalog/view/theme/default/template/common/header.tpl on line 23
2017-03-02 14:48:20 - PHP Notice:  Undefined variable: og_url in /home/c/ch41700/battery/public_html/catalog/view/theme/default/template/common/header.tpl on line 22
2017-03-02 14:48:20 - PHP Notice:  Undefined variable: og_image in /home/c/ch41700/battery/public_html/catalog/view/theme/default/template/common/header.tpl on line 23
2017-03-02 14:48:20 - PHP Notice:  Undefined variable: og_url in /home/c/ch41700/battery/public_html/catalog/view/theme/default/template/common/header.tpl on line 22
2017-03-02 14:48:20 - PHP Notice:  Undefined variable: og_image in /home/c/ch41700/battery/public_html/catalog/view/theme/default/template/common/header.tpl on line 23
2017-03-02 14:48:21 - PHP Notice:  Undefined variable: og_url in /home/c/ch41700/battery/public_html/catalog/view/theme/default/template/common/header.tpl on line 22
2017-03-02 14:48:21 - PHP Notice:  Undefined variable: og_image in /home/c/ch41700/battery/public_html/catalog/view/theme/default/template/common/header.tpl on line 23
2017-03-02 14:48:47 - PHP Notice:  Undefined variable: og_url in /home/c/ch41700/battery/public_html/catalog/view/theme/default/template/common/header.tpl on line 22
2017-03-02 14:48:47 - PHP Notice:  Undefined variable: og_image in /home/c/ch41700/battery/public_html/catalog/view/theme/default/template/common/header.tpl on line 23
2017-03-02 14:48:50 - PHP Notice:  Undefined variable: og_url in /home/c/ch41700/battery/public_html/catalog/view/theme/default/template/common/header.tpl on line 22
2017-03-02 14:48:50 - PHP Notice:  Undefined variable: og_image in /home/c/ch41700/battery/public_html/catalog/view/theme/default/template/common/header.tpl on line 23
2017-03-02 16:51:30 - PHP Notice:  Undefined variable: og_url in /home/c/ch41700/battery/public_html/catalog/view/theme/default/template/common/header.tpl on line 22
2017-03-02 16:51:30 - PHP Notice:  Undefined variable: og_image in /home/c/ch41700/battery/public_html/catalog/view/theme/default/template/common/header.tpl on line 23
2017-03-02 16:59:12 - PHP Notice:  Undefined variable: og_url in /home/c/ch41700/battery/public_html/catalog/view/theme/default/template/common/header.tpl on line 22
2017-03-02 16:59:12 - PHP Notice:  Undefined variable: og_image in /home/c/ch41700/battery/public_html/catalog/view/theme/default/template/common/header.tpl on line 23
2017-03-02 16:59:24 - PHP Notice:  Undefined variable: og_url in /home/c/ch41700/battery/public_html/catalog/view/theme/default/template/common/header.tpl on line 22
2017-03-02 16:59:24 - PHP Notice:  Undefined variable: og_image in /home/c/ch41700/battery/public_html/catalog/view/theme/default/template/common/header.tpl on line 23
2017-03-02 17:02:35 - PHP Notice:  Undefined variable: og_url in /home/c/ch41700/battery/public_html/catalog/view/theme/default/template/common/header.tpl on line 22
2017-03-02 17:02:35 - PHP Notice:  Undefined variable: og_image in /home/c/ch41700/battery/public_html/catalog/view/theme/default/template/common/header.tpl on line 23
2017-03-02 17:03:44 - PHP Notice:  Undefined variable: og_url in /home/c/ch41700/battery/public_html/catalog/view/theme/default/template/common/header.tpl on line 22
2017-03-02 17:03:44 - PHP Notice:  Undefined variable: og_image in /home/c/ch41700/battery/public_html/catalog/view/theme/default/template/common/header.tpl on line 23
2017-03-02 17:04:16 - PHP Notice:  Undefined variable: og_url in /home/c/ch41700/battery/public_html/catalog/view/theme/default/template/common/header.tpl on line 22
2017-03-02 17:04:16 - PHP Notice:  Undefined variable: og_image in /home/c/ch41700/battery/public_html/catalog/view/theme/default/template/common/header.tpl on line 23
2017-03-02 17:05:06 - PHP Notice:  Undefined variable: og_url in /home/c/ch41700/battery/public_html/catalog/view/theme/default/template/common/header.tpl on line 22
2017-03-02 17:05:06 - PHP Notice:  Undefined variable: og_image in /home/c/ch41700/battery/public_html/catalog/view/theme/default/template/common/header.tpl on line 23
2017-03-02 17:05:34 - PHP Notice:  Undefined variable: og_url in /home/c/ch41700/battery/public_html/catalog/view/theme/default/template/common/header.tpl on line 22
2017-03-02 17:05:34 - PHP Notice:  Undefined variable: og_image in /home/c/ch41700/battery/public_html/catalog/view/theme/default/template/common/header.tpl on line 23
2017-03-02 17:06:28 - PHP Notice:  Undefined variable: og_url in /home/c/ch41700/battery/public_html/catalog/view/theme/default/template/common/header.tpl on line 22
2017-03-02 17:06:28 - PHP Notice:  Undefined variable: og_image in /home/c/ch41700/battery/public_html/catalog/view/theme/default/template/common/header.tpl on line 23
2017-03-02 17:07:50 - PHP Notice:  Undefined variable: og_url in /home/c/ch41700/battery/public_html/catalog/view/theme/default/template/common/header.tpl on line 22
2017-03-02 17:07:50 - PHP Notice:  Undefined variable: og_image in /home/c/ch41700/battery/public_html/catalog/view/theme/default/template/common/header.tpl on line 23
2017-03-02 17:07:59 - PHP Notice:  Undefined variable: og_url in /home/c/ch41700/battery/public_html/catalog/view/theme/default/template/common/header.tpl on line 22
2017-03-02 17:07:59 - PHP Notice:  Undefined variable: og_image in /home/c/ch41700/battery/public_html/catalog/view/theme/default/template/common/header.tpl on line 23
2017-03-02 17:08:08 - PHP Notice:  Undefined variable: og_url in /home/c/ch41700/battery/public_html/catalog/view/theme/default/template/common/header.tpl on line 22
2017-03-02 17:08:08 - PHP Notice:  Undefined variable: og_image in /home/c/ch41700/battery/public_html/catalog/view/theme/default/template/common/header.tpl on line 23
2017-03-02 17:09:18 - PHP Notice:  Undefined variable: og_url in /home/c/ch41700/battery/public_html/catalog/view/theme/default/template/common/header.tpl on line 22
2017-03-02 17:09:18 - PHP Notice:  Undefined variable: og_image in /home/c/ch41700/battery/public_html/catalog/view/theme/default/template/common/header.tpl on line 23
2017-03-02 17:11:11 - PHP Notice:  Undefined variable: og_url in /home/c/ch41700/battery/public_html/catalog/view/theme/default/template/common/header.tpl on line 22
2017-03-02 17:11:11 - PHP Notice:  Undefined variable: og_image in /home/c/ch41700/battery/public_html/catalog/view/theme/default/template/common/header.tpl on line 23
2017-03-02 17:13:06 - PHP Notice:  Undefined variable: og_url in /home/c/ch41700/battery/public_html/catalog/view/theme/default/template/common/header.tpl on line 22
2017-03-02 17:13:06 - PHP Notice:  Undefined variable: og_image in /home/c/ch41700/battery/public_html/catalog/view/theme/default/template/common/header.tpl on line 23
2017-03-02 17:17:09 - PHP Notice:  Undefined variable: og_url in /home/c/ch41700/battery/public_html/catalog/view/theme/default/template/common/header.tpl on line 22
2017-03-02 17:17:09 - PHP Notice:  Undefined variable: og_image in /home/c/ch41700/battery/public_html/catalog/view/theme/default/template/common/header.tpl on line 23
2017-03-02 17:19:00 - PHP Notice:  Undefined variable: og_url in /home/c/ch41700/battery/public_html/catalog/view/theme/default/template/common/header.tpl on line 22
2017-03-02 17:19:00 - PHP Notice:  Undefined variable: og_image in /home/c/ch41700/battery/public_html/catalog/view/theme/default/template/common/header.tpl on line 23
2017-03-02 17:19:40 - PHP Notice:  Undefined variable: og_url in /home/c/ch41700/battery/public_html/catalog/view/theme/default/template/common/header.tpl on line 22
2017-03-02 17:19:40 - PHP Notice:  Undefined variable: og_image in /home/c/ch41700/battery/public_html/catalog/view/theme/default/template/common/header.tpl on line 23
2017-03-02 17:21:39 - PHP Notice:  Undefined variable: og_url in /home/c/ch41700/battery/public_html/catalog/view/theme/default/template/common/header.tpl on line 22
2017-03-02 17:21:39 - PHP Notice:  Undefined variable: og_image in /home/c/ch41700/battery/public_html/catalog/view/theme/default/template/common/header.tpl on line 23
2017-03-02 17:23:16 - PHP Notice:  Undefined variable: og_url in /home/c/ch41700/battery/public_html/catalog/view/theme/default/template/common/header.tpl on line 22
2017-03-02 17:23:16 - PHP Notice:  Undefined variable: og_image in /home/c/ch41700/battery/public_html/catalog/view/theme/default/template/common/header.tpl on line 23
2017-03-02 17:32:07 - PHP Notice:  Undefined variable: og_url in /home/c/ch41700/battery/public_html/catalog/view/theme/default/template/common/header.tpl on line 22
2017-03-02 17:32:07 - PHP Notice:  Undefined variable: og_image in /home/c/ch41700/battery/public_html/catalog/view/theme/default/template/common/header.tpl on line 23
2017-03-02 17:32:19 - PHP Notice:  Undefined variable: og_url in /home/c/ch41700/battery/public_html/catalog/view/theme/default/template/common/header.tpl on line 22
2017-03-02 17:32:19 - PHP Notice:  Undefined variable: og_image in /home/c/ch41700/battery/public_html/catalog/view/theme/default/template/common/header.tpl on line 23
2017-03-02 17:57:15 - PHP Notice:  Undefined variable: og_url in /home/c/ch41700/battery/public_html/catalog/view/theme/default/template/common/header.tpl on line 22
2017-03-02 17:57:15 - PHP Notice:  Undefined variable: og_image in /home/c/ch41700/battery/public_html/catalog/view/theme/default/template/common/header.tpl on line 23
2017-03-02 17:57:23 - PHP Notice:  Undefined variable: og_url in /home/c/ch41700/battery/public_html/catalog/view/theme/default/template/common/header.tpl on line 22
2017-03-02 17:57:23 - PHP Notice:  Undefined variable: og_image in /home/c/ch41700/battery/public_html/catalog/view/theme/default/template/common/header.tpl on line 23
2017-03-02 17:57:31 - PHP Notice:  Undefined variable: og_url in /home/c/ch41700/battery/public_html/catalog/view/theme/default/template/common/header.tpl on line 22
2017-03-02 17:57:31 - PHP Notice:  Undefined variable: og_image in /home/c/ch41700/battery/public_html/catalog/view/theme/default/template/common/header.tpl on line 23
2017-03-02 18:03:05 - PHP Notice:  Undefined variable: og_url in /home/c/ch41700/battery/public_html/catalog/view/theme/default/template/common/header.tpl on line 22
2017-03-02 18:03:05 - PHP Notice:  Undefined variable: og_image in /home/c/ch41700/battery/public_html/catalog/view/theme/default/template/common/header.tpl on line 23
2017-03-02 18:03:20 - PHP Notice:  Undefined variable: og_url in /home/c/ch41700/battery/public_html/catalog/view/theme/default/template/common/header.tpl on line 22
2017-03-02 18:03:20 - PHP Notice:  Undefined variable: og_image in /home/c/ch41700/battery/public_html/catalog/view/theme/default/template/common/header.tpl on line 23
2017-03-02 18:16:14 - PHP Notice:  Undefined variable: og_url in /home/c/ch41700/battery/public_html/catalog/view/theme/default/template/common/header.tpl on line 22
2017-03-02 18:16:14 - PHP Notice:  Undefined variable: og_image in /home/c/ch41700/battery/public_html/catalog/view/theme/default/template/common/header.tpl on line 23
2017-03-02 18:16:29 - PHP Notice:  Undefined variable: og_url in /home/c/ch41700/battery/public_html/catalog/view/theme/default/template/common/header.tpl on line 22
2017-03-02 18:16:29 - PHP Notice:  Undefined variable: og_image in /home/c/ch41700/battery/public_html/catalog/view/theme/default/template/common/header.tpl on line 23
2017-03-02 18:16:46 - PHP Notice:  Undefined variable: og_url in /home/c/ch41700/battery/public_html/catalog/view/theme/default/template/common/header.tpl on line 22
2017-03-02 18:16:46 - PHP Notice:  Undefined variable: og_image in /home/c/ch41700/battery/public_html/catalog/view/theme/default/template/common/header.tpl on line 23
2017-03-02 18:16:58 - PHP Notice:  Undefined variable: og_url in /home/c/ch41700/battery/public_html/catalog/view/theme/default/template/common/header.tpl on line 22
2017-03-02 18:16:58 - PHP Notice:  Undefined variable: og_image in /home/c/ch41700/battery/public_html/catalog/view/theme/default/template/common/header.tpl on line 23
2017-03-02 18:17:48 - PHP Notice:  Undefined variable: og_url in /home/c/ch41700/battery/public_html/catalog/view/theme/default/template/common/header.tpl on line 22
2017-03-02 18:17:48 - PHP Notice:  Undefined variable: og_image in /home/c/ch41700/battery/public_html/catalog/view/theme/default/template/common/header.tpl on line 23
2017-03-02 18:18:30 - PHP Notice:  Undefined variable: og_url in /home/c/ch41700/battery/public_html/catalog/view/theme/default/template/common/header.tpl on line 22
2017-03-02 18:18:30 - PHP Notice:  Undefined variable: og_image in /home/c/ch41700/battery/public_html/catalog/view/theme/default/template/common/header.tpl on line 23
2017-03-02 18:23:58 - PHP Notice:  Undefined variable: og_url in /home/c/ch41700/battery/public_html/catalog/view/theme/default/template/common/header.tpl on line 22
2017-03-02 18:23:58 - PHP Notice:  Undefined variable: og_image in /home/c/ch41700/battery/public_html/catalog/view/theme/default/template/common/header.tpl on line 23
2017-03-02 18:38:00 - PHP Notice:  Undefined variable: og_url in /home/c/ch41700/battery/public_html/catalog/view/theme/default/template/common/header.tpl on line 22
2017-03-02 18:38:00 - PHP Notice:  Undefined variable: og_image in /home/c/ch41700/battery/public_html/catalog/view/theme/default/template/common/header.tpl on line 23
2017-03-02 18:40:16 - PHP Notice:  Undefined variable: og_url in /home/c/ch41700/battery/public_html/catalog/view/theme/default/template/common/header.tpl on line 22
2017-03-02 18:40:16 - PHP Notice:  Undefined variable: og_image in /home/c/ch41700/battery/public_html/catalog/view/theme/default/template/common/header.tpl on line 23
2017-03-02 18:40:23 - PHP Notice:  Undefined variable: og_url in /home/c/ch41700/battery/public_html/catalog/view/theme/default/template/common/header.tpl on line 22
2017-03-02 18:40:23 - PHP Notice:  Undefined variable: og_image in /home/c/ch41700/battery/public_html/catalog/view/theme/default/template/common/header.tpl on line 23
2017-03-02 18:40:49 - PHP Notice:  Undefined variable: og_url in /home/c/ch41700/battery/public_html/catalog/view/theme/default/template/common/header.tpl on line 22
2017-03-02 18:40:49 - PHP Notice:  Undefined variable: og_image in /home/c/ch41700/battery/public_html/catalog/view/theme/default/template/common/header.tpl on line 23
2017-03-02 18:52:39 - PHP Notice:  Undefined variable: og_url in /home/c/ch41700/battery/public_html/catalog/view/theme/default/template/common/header.tpl on line 22
2017-03-02 18:52:39 - PHP Notice:  Undefined variable: og_image in /home/c/ch41700/battery/public_html/catalog/view/theme/default/template/common/header.tpl on line 23
2017-03-02 18:55:01 - PHP Notice:  Undefined variable: og_url in /home/c/ch41700/battery/public_html/catalog/view/theme/default/template/common/header.tpl on line 22
2017-03-02 18:55:01 - PHP Notice:  Undefined variable: og_image in /home/c/ch41700/battery/public_html/catalog/view/theme/default/template/common/header.tpl on line 23
2017-03-02 18:56:04 - PHP Notice:  Undefined variable: og_url in /home/c/ch41700/battery/public_html/catalog/view/theme/default/template/common/header.tpl on line 22
2017-03-02 18:56:04 - PHP Notice:  Undefined variable: og_image in /home/c/ch41700/battery/public_html/catalog/view/theme/default/template/common/header.tpl on line 23
2017-03-02 20:22:57 - PHP Notice:  Undefined variable: og_url in /home/c/ch41700/battery/public_html/catalog/view/theme/default/template/common/header.tpl on line 22
2017-03-02 20:22:57 - PHP Notice:  Undefined variable: og_image in /home/c/ch41700/battery/public_html/catalog/view/theme/default/template/common/header.tpl on line 23
2017-03-02 21:22:33 - PHP Notice:  Undefined variable: og_url in /home/c/ch41700/battery/public_html/catalog/view/theme/default/template/common/header.tpl on line 22
2017-03-02 21:22:33 - PHP Notice:  Undefined variable: og_image in /home/c/ch41700/battery/public_html/catalog/view/theme/default/template/common/header.tpl on line 23
2017-03-02 21:24:39 - PHP Notice:  Undefined index: general in /home/c/ch41700/battery/public_html/system/config/revslider/inc_php/framework/base_admin.class.php on line 560
2017-03-02 21:25:26 - PHP Notice:  Undefined index: general in /home/c/ch41700/battery/public_html/system/config/revslider/inc_php/framework/base_admin.class.php on line 560
2017-03-02 21:27:32 - PHP Notice:  Undefined index: general in /home/c/ch41700/battery/public_html/system/config/revslider/inc_php/framework/base_admin.class.php on line 560
2017-03-02 21:27:44 - PHP Notice:  Undefined index: general in /home/c/ch41700/battery/public_html/system/config/revslider/inc_php/framework/base_admin.class.php on line 560
2017-03-02 21:31:46 - PHP Notice:  Undefined variable: og_url in /home/c/ch41700/battery/public_html/catalog/view/theme/default/template/common/header.tpl on line 22
2017-03-02 21:31:46 - PHP Notice:  Undefined variable: og_image in /home/c/ch41700/battery/public_html/catalog/view/theme/default/template/common/header.tpl on line 23
2017-03-02 21:43:12 - PHP Notice:  Undefined index: general in /home/c/ch41700/battery/public_html/system/config/revslider/inc_php/framework/base_admin.class.php on line 560
2017-03-02 21:50:23 - PHP Notice:  Undefined variable: og_url in /home/c/ch41700/battery/public_html/catalog/view/theme/default/template/common/header.tpl on line 22
2017-03-02 21:50:23 - PHP Notice:  Undefined variable: og_image in /home/c/ch41700/battery/public_html/catalog/view/theme/default/template/common/header.tpl on line 23
2017-03-03 11:01:18 - PHP Notice:  Undefined variable: og_url in /home/c/ch41700/battery/public_html/catalog/view/theme/default/template/common/header.tpl on line 22
2017-03-03 11:01:18 - PHP Notice:  Undefined variable: og_image in /home/c/ch41700/battery/public_html/catalog/view/theme/default/template/common/header.tpl on line 23
2017-03-03 11:01:46 - PHP Notice:  Undefined variable: og_url in /home/c/ch41700/battery/public_html/catalog/view/theme/default/template/common/header.tpl on line 22
2017-03-03 11:01:46 - PHP Notice:  Undefined variable: og_image in /home/c/ch41700/battery/public_html/catalog/view/theme/default/template/common/header.tpl on line 23
2017-03-03 11:04:04 - PHP Notice:  Undefined variable: og_url in /home/c/ch41700/battery/public_html/catalog/view/theme/default/template/common/header.tpl on line 22
2017-03-03 11:04:04 - PHP Notice:  Undefined variable: og_image in /home/c/ch41700/battery/public_html/catalog/view/theme/default/template/common/header.tpl on line 23
2017-03-03 11:24:33 - PHP Notice:  Undefined variable: og_url in /home/c/ch41700/battery/public_html/catalog/view/theme/default/template/common/header.tpl on line 22
2017-03-03 11:24:33 - PHP Notice:  Undefined variable: og_image in /home/c/ch41700/battery/public_html/catalog/view/theme/default/template/common/header.tpl on line 23
2017-03-03 11:25:20 - PHP Notice:  Undefined variable: og_url in /home/c/ch41700/battery/public_html/catalog/view/theme/default/template/common/header.tpl on line 22
2017-03-03 11:25:20 - PHP Notice:  Undefined variable: og_image in /home/c/ch41700/battery/public_html/catalog/view/theme/default/template/common/header.tpl on line 23
2017-03-03 11:26:36 - PHP Notice:  Undefined variable: og_url in /home/c/ch41700/battery/public_html/catalog/view/theme/default/template/common/header.tpl on line 22
2017-03-03 11:26:36 - PHP Notice:  Undefined variable: og_image in /home/c/ch41700/battery/public_html/catalog/view/theme/default/template/common/header.tpl on line 23
2017-03-03 11:36:04 - PHP Notice:  Undefined variable: og_url in /home/c/ch41700/battery/public_html/catalog/view/theme/default/template/common/header.tpl on line 22
2017-03-03 11:36:04 - PHP Notice:  Undefined variable: og_image in /home/c/ch41700/battery/public_html/catalog/view/theme/default/template/common/header.tpl on line 23
2017-03-03 11:42:09 - PHP Notice:  Undefined variable: og_url in /home/c/ch41700/battery/public_html/catalog/view/theme/default/template/common/header.tpl on line 22
2017-03-03 11:42:09 - PHP Notice:  Undefined variable: og_image in /home/c/ch41700/battery/public_html/catalog/view/theme/default/template/common/header.tpl on line 23
2017-03-03 11:43:49 - PHP Notice:  Undefined variable: og_url in /home/c/ch41700/battery/public_html/catalog/view/theme/default/template/common/header.tpl on line 22
2017-03-03 11:43:49 - PHP Notice:  Undefined variable: og_image in /home/c/ch41700/battery/public_html/catalog/view/theme/default/template/common/header.tpl on line 23
2017-03-03 12:00:49 - PHP Notice:  Undefined variable: og_url in /home/c/ch41700/battery/public_html/catalog/view/theme/default/template/common/header.tpl on line 22
2017-03-03 12:00:49 - PHP Notice:  Undefined variable: og_image in /home/c/ch41700/battery/public_html/catalog/view/theme/default/template/common/header.tpl on line 23
2017-03-03 12:03:09 - PHP Notice:  Undefined variable: og_url in /home/c/ch41700/battery/public_html/catalog/view/theme/default/template/common/header.tpl on line 22
2017-03-03 12:03:09 - PHP Notice:  Undefined variable: og_image in /home/c/ch41700/battery/public_html/catalog/view/theme/default/template/common/header.tpl on line 23
2017-03-03 12:13:04 - PHP Notice:  Undefined variable: og_url in /home/c/ch41700/battery/public_html/catalog/view/theme/default/template/common/header.tpl on line 22
2017-03-03 12:13:04 - PHP Notice:  Undefined variable: og_image in /home/c/ch41700/battery/public_html/catalog/view/theme/default/template/common/header.tpl on line 23
2017-03-03 12:15:07 - PHP Notice:  Undefined variable: og_url in /home/c/ch41700/battery/public_html/catalog/view/theme/default/template/common/header.tpl on line 22
2017-03-03 12:15:07 - PHP Notice:  Undefined variable: og_image in /home/c/ch41700/battery/public_html/catalog/view/theme/default/template/common/header.tpl on line 23
2017-03-03 12:55:28 - PHP Notice:  Undefined variable: og_url in /home/c/ch41700/battery/public_html/catalog/view/theme/default/template/common/header.tpl on line 22
2017-03-03 12:55:28 - PHP Notice:  Undefined variable: og_image in /home/c/ch41700/battery/public_html/catalog/view/theme/default/template/common/header.tpl on line 23
2017-03-03 13:10:04 - PHP Notice:  Undefined variable: og_url in /home/c/ch41700/battery/public_html/catalog/view/theme/default/template/common/header.tpl on line 22
2017-03-03 13:10:04 - PHP Notice:  Undefined variable: og_image in /home/c/ch41700/battery/public_html/catalog/view/theme/default/template/common/header.tpl on line 23
2017-03-03 13:55:27 - PHP Notice:  Undefined variable: og_url in /home/c/ch41700/battery/public_html/catalog/view/theme/default/template/common/header.tpl on line 22
2017-03-03 13:55:27 - PHP Notice:  Undefined variable: og_image in /home/c/ch41700/battery/public_html/catalog/view/theme/default/template/common/header.tpl on line 23
2017-03-03 13:57:03 - PHP Notice:  Undefined variable: og_url in /home/c/ch41700/battery/public_html/catalog/view/theme/default/template/common/header.tpl on line 22
2017-03-03 13:57:03 - PHP Notice:  Undefined variable: og_image in /home/c/ch41700/battery/public_html/catalog/view/theme/default/template/common/header.tpl on line 23
2017-03-03 13:58:18 - PHP Notice:  Undefined variable: og_url in /home/c/ch41700/battery/public_html/catalog/view/theme/default/template/common/header.tpl on line 22
2017-03-03 13:58:18 - PHP Notice:  Undefined variable: og_image in /home/c/ch41700/battery/public_html/catalog/view/theme/default/template/common/header.tpl on line 23
2017-03-03 13:58:47 - PHP Notice:  Undefined variable: og_url in /home/c/ch41700/battery/public_html/catalog/view/theme/default/template/common/header.tpl on line 22
2017-03-03 13:58:47 - PHP Notice:  Undefined variable: og_image in /home/c/ch41700/battery/public_html/catalog/view/theme/default/template/common/header.tpl on line 23
2017-03-03 13:58:47 - PHP Notice:  Undefined variable: og_url in /home/c/ch41700/battery/public_html/catalog/view/theme/default/template/common/header.tpl on line 22
2017-03-03 13:58:47 - PHP Notice:  Undefined variable: og_image in /home/c/ch41700/battery/public_html/catalog/view/theme/default/template/common/header.tpl on line 23
2017-03-03 13:58:47 - PHP Notice:  Undefined variable: og_url in /home/c/ch41700/battery/public_html/catalog/view/theme/default/template/common/header.tpl on line 22
2017-03-03 13:58:47 - PHP Notice:  Undefined variable: og_image in /home/c/ch41700/battery/public_html/catalog/view/theme/default/template/common/header.tpl on line 23
2017-03-03 14:01:00 - PHP Notice:  Undefined variable: og_url in /home/c/ch41700/battery/public_html/catalog/view/theme/default/template/common/header.tpl on line 22
2017-03-03 14:01:00 - PHP Notice:  Undefined variable: og_image in /home/c/ch41700/battery/public_html/catalog/view/theme/default/template/common/header.tpl on line 23
2017-03-03 15:32:47 - PHP Notice:  Undefined variable: og_url in /home/c/ch41700/battery/public_html/catalog/view/theme/default/template/common/header.tpl on line 22
2017-03-03 15:32:47 - PHP Notice:  Undefined variable: og_image in /home/c/ch41700/battery/public_html/catalog/view/theme/default/template/common/header.tpl on line 23
2017-03-03 15:34:41 - PHP Notice:  Undefined variable: og_url in /home/c/ch41700/battery/public_html/catalog/view/theme/default/template/common/header.tpl on line 22
2017-03-03 15:34:41 - PHP Notice:  Undefined variable: og_image in /home/c/ch41700/battery/public_html/catalog/view/theme/default/template/common/header.tpl on line 23
2017-03-03 15:56:46 - PHP Notice:  Undefined variable: og_url in /home/c/ch41700/battery/public_html/catalog/view/theme/default/template/common/header.tpl on line 22
2017-03-03 15:56:46 - PHP Notice:  Undefined variable: og_image in /home/c/ch41700/battery/public_html/catalog/view/theme/default/template/common/header.tpl on line 23
2017-03-03 16:04:34 - PHP Notice:  Undefined variable: og_url in /home/c/ch41700/battery/public_html/catalog/view/theme/default/template/common/header.tpl on line 22
2017-03-03 16:04:34 - PHP Notice:  Undefined variable: og_image in /home/c/ch41700/battery/public_html/catalog/view/theme/default/template/common/header.tpl on line 23
2017-03-03 16:04:41 - PHP Notice:  Undefined variable: og_url in /home/c/ch41700/battery/public_html/catalog/view/theme/default/template/common/header.tpl on line 22
2017-03-03 16:04:41 - PHP Notice:  Undefined variable: og_image in /home/c/ch41700/battery/public_html/catalog/view/theme/default/template/common/header.tpl on line 23
2017-03-03 16:06:27 - PHP Notice:  Undefined variable: og_url in /home/c/ch41700/battery/public_html/catalog/view/theme/default/template/common/header.tpl on line 22
2017-03-03 16:06:27 - PHP Notice:  Undefined variable: og_image in /home/c/ch41700/battery/public_html/catalog/view/theme/default/template/common/header.tpl on line 23
2017-03-03 16:06:37 - PHP Notice:  Undefined variable: og_url in /home/c/ch41700/battery/public_html/catalog/view/theme/default/template/common/header.tpl on line 22
2017-03-03 16:06:37 - PHP Notice:  Undefined variable: og_image in /home/c/ch41700/battery/public_html/catalog/view/theme/default/template/common/header.tpl on line 23
2017-03-03 16:17:19 - PHP Notice:  Undefined variable: og_url in /home/c/ch41700/battery/public_html/catalog/view/theme/default/template/common/header.tpl on line 22
2017-03-03 16:17:19 - PHP Notice:  Undefined variable: og_image in /home/c/ch41700/battery/public_html/catalog/view/theme/default/template/common/header.tpl on line 23
2017-03-03 16:17:33 - PHP Notice:  Undefined variable: og_url in /home/c/ch41700/battery/public_html/catalog/view/theme/default/template/common/header.tpl on line 22
2017-03-03 16:17:33 - PHP Notice:  Undefined variable: og_image in /home/c/ch41700/battery/public_html/catalog/view/theme/default/template/common/header.tpl on line 23
2017-03-03 16:17:47 - PHP Notice:  Undefined variable: og_url in /home/c/ch41700/battery/public_html/catalog/view/theme/default/template/common/header.tpl on line 22
2017-03-03 16:17:47 - PHP Notice:  Undefined variable: og_image in /home/c/ch41700/battery/public_html/catalog/view/theme/default/template/common/header.tpl on line 23
2017-03-03 16:19:32 - PHP Notice:  Undefined variable: og_url in /home/c/ch41700/battery/public_html/catalog/view/theme/default/template/common/header.tpl on line 22
2017-03-03 16:19:32 - PHP Notice:  Undefined variable: og_image in /home/c/ch41700/battery/public_html/catalog/view/theme/default/template/common/header.tpl on line 23
2017-03-03 16:19:36 - PHP Notice:  Undefined variable: og_url in /home/c/ch41700/battery/public_html/catalog/view/theme/default/template/common/header.tpl on line 22
2017-03-03 16:19:36 - PHP Notice:  Undefined variable: og_image in /home/c/ch41700/battery/public_html/catalog/view/theme/default/template/common/header.tpl on line 23
2017-03-03 16:19:57 - PHP Notice:  Undefined variable: og_url in /home/c/ch41700/battery/public_html/catalog/view/theme/default/template/common/header.tpl on line 22
2017-03-03 16:19:57 - PHP Notice:  Undefined variable: og_image in /home/c/ch41700/battery/public_html/catalog/view/theme/default/template/common/header.tpl on line 23
2017-03-03 16:20:31 - PHP Notice:  Undefined variable: og_url in /home/c/ch41700/battery/public_html/catalog/view/theme/default/template/common/header.tpl on line 22
2017-03-03 16:20:31 - PHP Notice:  Undefined variable: og_image in /home/c/ch41700/battery/public_html/catalog/view/theme/default/template/common/header.tpl on line 23
2017-03-03 17:06:55 - PHP Notice:  Undefined variable: og_url in /home/c/ch41700/battery/public_html/catalog/view/theme/default/template/common/header.tpl on line 22
2017-03-03 17:06:55 - PHP Notice:  Undefined variable: og_image in /home/c/ch41700/battery/public_html/catalog/view/theme/default/template/common/header.tpl on line 23
2017-03-03 17:37:02 - PHP Notice:  Undefined variable: og_url in /home/c/ch41700/battery/public_html/catalog/view/theme/default/template/common/header.tpl on line 22
2017-03-03 17:37:02 - PHP Notice:  Undefined variable: og_image in /home/c/ch41700/battery/public_html/catalog/view/theme/default/template/common/header.tpl on line 23
2017-03-03 17:37:46 - PHP Notice:  Undefined variable: og_url in /home/c/ch41700/battery/public_html/catalog/view/theme/default/template/common/header.tpl on line 22
2017-03-03 17:37:46 - PHP Notice:  Undefined variable: og_image in /home/c/ch41700/battery/public_html/catalog/view/theme/default/template/common/header.tpl on line 23
2017-03-03 17:37:49 - PHP Notice:  Undefined variable: og_url in /home/c/ch41700/battery/public_html/catalog/view/theme/default/template/common/header.tpl on line 22
2017-03-03 17:37:49 - PHP Notice:  Undefined variable: og_image in /home/c/ch41700/battery/public_html/catalog/view/theme/default/template/common/header.tpl on line 23
2017-03-03 17:37:56 - PHP Notice:  Undefined variable: og_url in /home/c/ch41700/battery/public_html/catalog/view/theme/default/template/common/header.tpl on line 22
2017-03-03 17:37:56 - PHP Notice:  Undefined variable: og_image in /home/c/ch41700/battery/public_html/catalog/view/theme/default/template/common/header.tpl on line 23
2017-03-03 17:37:58 - PHP Notice:  Undefined variable: og_url in /home/c/ch41700/battery/public_html/catalog/view/theme/default/template/common/header.tpl on line 22
2017-03-03 17:37:58 - PHP Notice:  Undefined variable: og_image in /home/c/ch41700/battery/public_html/catalog/view/theme/default/template/common/header.tpl on line 23
2017-03-03 17:42:46 - PHP Notice:  Undefined variable: og_url in /home/c/ch41700/battery/public_html/catalog/view/theme/default/template/common/header.tpl on line 22
2017-03-03 17:42:46 - PHP Notice:  Undefined variable: og_image in /home/c/ch41700/battery/public_html/catalog/view/theme/default/template/common/header.tpl on line 23
2017-03-03 17:42:56 - PHP Notice:  Undefined variable: og_url in /home/c/ch41700/battery/public_html/catalog/view/theme/default/template/common/header.tpl on line 22
2017-03-03 17:42:56 - PHP Notice:  Undefined variable: og_image in /home/c/ch41700/battery/public_html/catalog/view/theme/default/template/common/header.tpl on line 23
2017-03-03 17:46:06 - PHP Notice:  Undefined variable: og_url in /home/c/ch41700/battery/public_html/catalog/view/theme/default/template/common/header.tpl on line 22
2017-03-03 17:46:06 - PHP Notice:  Undefined variable: og_image in /home/c/ch41700/battery/public_html/catalog/view/theme/default/template/common/header.tpl on line 23
2017-03-03 17:46:08 - PHP Notice:  Undefined variable: og_url in /home/c/ch41700/battery/public_html/catalog/view/theme/default/template/common/header.tpl on line 22
2017-03-03 17:46:08 - PHP Notice:  Undefined variable: og_image in /home/c/ch41700/battery/public_html/catalog/view/theme/default/template/common/header.tpl on line 23
2017-03-03 17:46:11 - PHP Notice:  Undefined variable: og_url in /home/c/ch41700/battery/public_html/catalog/view/theme/default/template/common/header.tpl on line 22
2017-03-03 17:46:11 - PHP Notice:  Undefined variable: og_image in /home/c/ch41700/battery/public_html/catalog/view/theme/default/template/common/header.tpl on line 23
2017-03-03 17:46:14 - PHP Notice:  Undefined variable: og_url in /home/c/ch41700/battery/public_html/catalog/view/theme/default/template/common/header.tpl on line 22
2017-03-03 17:46:14 - PHP Notice:  Undefined variable: og_image in /home/c/ch41700/battery/public_html/catalog/view/theme/default/template/common/header.tpl on line 23
2017-03-03 17:46:15 - PHP Notice:  Undefined variable: og_url in /home/c/ch41700/battery/public_html/catalog/view/theme/default/template/common/header.tpl on line 22
2017-03-03 17:46:15 - PHP Notice:  Undefined variable: og_image in /home/c/ch41700/battery/public_html/catalog/view/theme/default/template/common/header.tpl on line 23
2017-03-03 17:53:43 - PHP Notice:  Undefined variable: og_url in /home/c/ch41700/battery/public_html/catalog/view/theme/default/template/common/header.tpl on line 22
2017-03-03 17:53:43 - PHP Notice:  Undefined variable: og_image in /home/c/ch41700/battery/public_html/catalog/view/theme/default/template/common/header.tpl on line 23
2017-03-03 17:54:11 - PHP Notice:  Undefined variable: og_url in /home/c/ch41700/battery/public_html/catalog/view/theme/default/template/common/header.tpl on line 22
2017-03-03 17:54:11 - PHP Notice:  Undefined variable: og_image in /home/c/ch41700/battery/public_html/catalog/view/theme/default/template/common/header.tpl on line 23
2017-03-03 17:54:15 - PHP Notice:  Undefined variable: og_url in /home/c/ch41700/battery/public_html/catalog/view/theme/default/template/common/header.tpl on line 22
2017-03-03 17:54:15 - PHP Notice:  Undefined variable: og_image in /home/c/ch41700/battery/public_html/catalog/view/theme/default/template/common/header.tpl on line 23
2017-03-03 17:55:40 - PHP Notice:  Undefined variable: og_url in /home/c/ch41700/battery/public_html/catalog/view/theme/default/template/common/header.tpl on line 22
2017-03-03 17:55:40 - PHP Notice:  Undefined variable: og_image in /home/c/ch41700/battery/public_html/catalog/view/theme/default/template/common/header.tpl on line 23
2017-03-03 18:02:09 - PHP Notice:  Undefined variable: og_url in /home/c/ch41700/battery/public_html/catalog/view/theme/default/template/common/header.tpl on line 22
2017-03-03 18:02:09 - PHP Notice:  Undefined variable: og_image in /home/c/ch41700/battery/public_html/catalog/view/theme/default/template/common/header.tpl on line 23
2017-03-03 20:03:14 - PHP Notice:  Undefined variable: og_url in /home/c/ch41700/battery/public_html/catalog/view/theme/default/template/common/header.tpl on line 22
2017-03-03 20:03:14 - PHP Notice:  Undefined variable: og_image in /home/c/ch41700/battery/public_html/catalog/view/theme/default/template/common/header.tpl on line 23
2017-03-03 21:31:42 - PHP Notice:  Undefined variable: og_url in /home/c/ch41700/battery/public_html/catalog/view/theme/default/template/common/header.tpl on line 22
2017-03-03 21:31:42 - PHP Notice:  Undefined variable: og_image in /home/c/ch41700/battery/public_html/catalog/view/theme/default/template/common/header.tpl on line 23
2017-03-03 21:32:20 - PHP Notice:  Undefined variable: og_url in /home/c/ch41700/battery/public_html/catalog/view/theme/default/template/common/header.tpl on line 22
2017-03-03 21:32:20 - PHP Notice:  Undefined variable: og_image in /home/c/ch41700/battery/public_html/catalog/view/theme/default/template/common/header.tpl on line 23
2017-03-03 21:32:31 - PHP Notice:  Undefined variable: og_url in /home/c/ch41700/battery/public_html/catalog/view/theme/default/template/common/header.tpl on line 22
2017-03-03 21:32:31 - PHP Notice:  Undefined variable: og_image in /home/c/ch41700/battery/public_html/catalog/view/theme/default/template/common/header.tpl on line 23
2017-03-03 21:33:03 - PHP Notice:  Undefined variable: og_url in /home/c/ch41700/battery/public_html/catalog/view/theme/default/template/common/header.tpl on line 22
2017-03-03 21:33:03 - PHP Notice:  Undefined variable: og_image in /home/c/ch41700/battery/public_html/catalog/view/theme/default/template/common/header.tpl on line 23
2017-03-03 21:33:22 - PHP Notice:  Undefined variable: og_url in /home/c/ch41700/battery/public_html/catalog/view/theme/default/template/common/header.tpl on line 22
2017-03-03 21:33:22 - PHP Notice:  Undefined variable: og_image in /home/c/ch41700/battery/public_html/catalog/view/theme/default/template/common/header.tpl on line 23
2017-03-03 21:33:26 - PHP Notice:  Undefined variable: og_url in /home/c/ch41700/battery/public_html/catalog/view/theme/default/template/common/header.tpl on line 22
2017-03-03 21:33:26 - PHP Notice:  Undefined variable: og_image in /home/c/ch41700/battery/public_html/catalog/view/theme/default/template/common/header.tpl on line 23
2017-03-03 21:33:29 - PHP Notice:  Undefined variable: og_url in /home/c/ch41700/battery/public_html/catalog/view/theme/default/template/common/header.tpl on line 22
2017-03-03 21:33:29 - PHP Notice:  Undefined variable: og_image in /home/c/ch41700/battery/public_html/catalog/view/theme/default/template/common/header.tpl on line 23
2017-03-03 21:33:38 - PHP Notice:  Undefined variable: og_url in /home/c/ch41700/battery/public_html/catalog/view/theme/default/template/common/header.tpl on line 22
2017-03-03 21:33:38 - PHP Notice:  Undefined variable: og_image in /home/c/ch41700/battery/public_html/catalog/view/theme/default/template/common/header.tpl on line 23
2017-03-03 21:37:50 - PHP Notice:  Undefined variable: og_url in /home/c/ch41700/battery/public_html/catalog/view/theme/default/template/common/header.tpl on line 22
2017-03-03 21:37:50 - PHP Notice:  Undefined variable: og_image in /home/c/ch41700/battery/public_html/catalog/view/theme/default/template/common/header.tpl on line 23
2017-03-03 21:38:14 - PHP Notice:  Undefined variable: og_url in /home/c/ch41700/battery/public_html/catalog/view/theme/default/template/common/header.tpl on line 22
2017-03-03 21:38:14 - PHP Notice:  Undefined variable: og_image in /home/c/ch41700/battery/public_html/catalog/view/theme/default/template/common/header.tpl on line 23
2017-03-03 21:47:13 - PHP Notice:  Undefined variable: og_url in /home/c/ch41700/battery/public_html/catalog/view/theme/default/template/common/header.tpl on line 22
2017-03-03 21:47:13 - PHP Notice:  Undefined variable: og_image in /home/c/ch41700/battery/public_html/catalog/view/theme/default/template/common/header.tpl on line 23
2017-03-03 21:47:26 - PHP Notice:  Undefined variable: og_url in /home/c/ch41700/battery/public_html/catalog/view/theme/default/template/common/header.tpl on line 22
2017-03-03 21:47:26 - PHP Notice:  Undefined variable: og_image in /home/c/ch41700/battery/public_html/catalog/view/theme/default/template/common/header.tpl on line 23
2017-03-03 21:47:29 - PHP Notice:  Undefined variable: og_url in /home/c/ch41700/battery/public_html/catalog/view/theme/default/template/common/header.tpl on line 22
2017-03-03 21:47:29 - PHP Notice:  Undefined variable: og_image in /home/c/ch41700/battery/public_html/catalog/view/theme/default/template/common/header.tpl on line 23
2017-03-03 21:47:49 - PHP Notice:  Undefined index: general in /home/c/ch41700/battery/public_html/system/config/revslider/inc_php/framework/base_admin.class.php on line 560
2017-03-03 21:48:24 - PHP Notice:  Undefined variable: og_url in /home/c/ch41700/battery/public_html/catalog/view/theme/default/template/common/header.tpl on line 22
2017-03-03 21:48:24 - PHP Notice:  Undefined variable: og_image in /home/c/ch41700/battery/public_html/catalog/view/theme/default/template/common/header.tpl on line 23
2017-03-03 21:49:00 - PHP Notice:  Undefined variable: og_url in /home/c/ch41700/battery/public_html/catalog/view/theme/default/template/common/header.tpl on line 22
2017-03-03 21:49:00 - PHP Notice:  Undefined variable: og_image in /home/c/ch41700/battery/public_html/catalog/view/theme/default/template/common/header.tpl on line 23
2017-03-03 21:49:31 - PHP Notice:  Undefined variable: og_url in /home/c/ch41700/battery/public_html/catalog/view/theme/default/template/common/header.tpl on line 22
2017-03-03 21:49:31 - PHP Notice:  Undefined variable: og_image in /home/c/ch41700/battery/public_html/catalog/view/theme/default/template/common/header.tpl on line 23
2017-03-03 21:50:18 - PHP Notice:  Undefined variable: og_url in /home/c/ch41700/battery/public_html/catalog/view/theme/default/template/common/header.tpl on line 22
2017-03-03 21:50:18 - PHP Notice:  Undefined variable: og_image in /home/c/ch41700/battery/public_html/catalog/view/theme/default/template/common/header.tpl on line 23
2017-03-03 21:50:21 - PHP Notice:  Undefined variable: og_url in /home/c/ch41700/battery/public_html/catalog/view/theme/default/template/common/header.tpl on line 22
2017-03-03 21:50:21 - PHP Notice:  Undefined variable: og_image in /home/c/ch41700/battery/public_html/catalog/view/theme/default/template/common/header.tpl on line 23
2017-03-03 21:51:07 - PHP Notice:  Undefined variable: og_url in /home/c/ch41700/battery/public_html/catalog/view/theme/default/template/common/header.tpl on line 22
2017-03-03 21:51:07 - PHP Notice:  Undefined variable: og_image in /home/c/ch41700/battery/public_html/catalog/view/theme/default/template/common/header.tpl on line 23
2017-03-03 21:51:11 - PHP Notice:  Undefined variable: og_url in /home/c/ch41700/battery/public_html/catalog/view/theme/default/template/common/header.tpl on line 22
2017-03-03 21:51:11 - PHP Notice:  Undefined variable: og_image in /home/c/ch41700/battery/public_html/catalog/view/theme/default/template/common/header.tpl on line 23
2017-03-03 21:53:06 - PHP Notice:  Undefined variable: og_url in /home/c/ch41700/battery/public_html/catalog/view/theme/default/template/common/header.tpl on line 22
2017-03-03 21:53:06 - PHP Notice:  Undefined variable: og_image in /home/c/ch41700/battery/public_html/catalog/view/theme/default/template/common/header.tpl on line 23
2017-03-03 21:54:47 - PHP Notice:  Undefined variable: og_url in /home/c/ch41700/battery/public_html/catalog/view/theme/default/template/common/header.tpl on line 22
2017-03-03 21:54:47 - PHP Notice:  Undefined variable: og_image in /home/c/ch41700/battery/public_html/catalog/view/theme/default/template/common/header.tpl on line 23
2017-03-03 21:56:38 - PHP Notice:  Undefined variable: og_url in /home/c/ch41700/battery/public_html/catalog/view/theme/default/template/common/header.tpl on line 22
2017-03-03 21:56:38 - PHP Notice:  Undefined variable: og_image in /home/c/ch41700/battery/public_html/catalog/view/theme/default/template/common/header.tpl on line 23
2017-03-03 22:04:27 - PHP Notice:  Undefined variable: children_data in /home/c/ch41700/battery/public_html/catalog/controller/product/product.php on line 118
2017-03-03 22:04:27 - PHP Notice:  Undefined variable: children_data in /home/c/ch41700/battery/public_html/catalog/controller/product/product.php on line 118
2017-03-03 22:04:27 - PHP Notice:  Undefined variable: children_data in /home/c/ch41700/battery/public_html/catalog/controller/product/product.php on line 118
2017-03-03 22:04:27 - PHP Notice:  Undefined variable: og_url in /home/c/ch41700/battery/public_html/catalog/view/theme/default/template/common/header.tpl on line 22
2017-03-03 22:04:27 - PHP Notice:  Undefined variable: og_image in /home/c/ch41700/battery/public_html/catalog/view/theme/default/template/common/header.tpl on line 23
2017-03-03 22:10:25 - PHP Notice:  Undefined variable: children_data in /home/c/ch41700/battery/public_html/catalog/controller/product/product.php on line 118
2017-03-03 22:10:25 - PHP Notice:  Undefined variable: children_data in /home/c/ch41700/battery/public_html/catalog/controller/product/product.php on line 118
2017-03-03 22:10:25 - PHP Notice:  Undefined variable: children_data in /home/c/ch41700/battery/public_html/catalog/controller/product/product.php on line 118
2017-03-03 22:10:25 - PHP Notice:  Undefined variable: og_url in /home/c/ch41700/battery/public_html/catalog/view/theme/default/template/common/header.tpl on line 22
2017-03-03 22:10:25 - PHP Notice:  Undefined variable: og_image in /home/c/ch41700/battery/public_html/catalog/view/theme/default/template/common/header.tpl on line 23
2017-03-03 22:28:26 - PHP Notice:  Undefined variable: children_data in /home/c/ch41700/battery/public_html/catalog/controller/product/product.php on line 118
2017-03-03 22:28:26 - PHP Notice:  Undefined variable: children_data in /home/c/ch41700/battery/public_html/catalog/controller/product/product.php on line 118
2017-03-03 22:28:26 - PHP Notice:  Undefined variable: children_data in /home/c/ch41700/battery/public_html/catalog/controller/product/product.php on line 118
2017-03-03 22:28:26 - PHP Notice:  Undefined variable: og_url in /home/c/ch41700/battery/public_html/catalog/view/theme/default/template/common/header.tpl on line 22
2017-03-03 22:28:26 - PHP Notice:  Undefined variable: og_image in /home/c/ch41700/battery/public_html/catalog/view/theme/default/template/common/header.tpl on line 23
2017-03-03 22:47:24 - PHP Notice:  Undefined variable: children_data in /home/c/ch41700/battery/public_html/catalog/controller/product/product.php on line 118
2017-03-03 22:47:24 - PHP Notice:  Undefined variable: children_data in /home/c/ch41700/battery/public_html/catalog/controller/product/product.php on line 118
2017-03-03 22:47:24 - PHP Notice:  Undefined variable: children_data in /home/c/ch41700/battery/public_html/catalog/controller/product/product.php on line 118
2017-03-03 22:47:24 - PHP Notice:  Undefined variable: og_url in /home/c/ch41700/battery/public_html/catalog/view/theme/default/template/common/header.tpl on line 22
2017-03-03 22:47:24 - PHP Notice:  Undefined variable: og_image in /home/c/ch41700/battery/public_html/catalog/view/theme/default/template/common/header.tpl on line 23
2017-03-03 22:47:58 - PHP Notice:  Undefined variable: children_data in /home/c/ch41700/battery/public_html/catalog/controller/product/product.php on line 118
2017-03-03 22:47:58 - PHP Notice:  Undefined variable: children_data in /home/c/ch41700/battery/public_html/catalog/controller/product/product.php on line 118
2017-03-03 22:47:58 - PHP Notice:  Undefined variable: children_data in /home/c/ch41700/battery/public_html/catalog/controller/product/product.php on line 118
2017-03-03 22:47:58 - PHP Notice:  Undefined variable: og_url in /home/c/ch41700/battery/public_html/catalog/view/theme/default/template/common/header.tpl on line 22
2017-03-03 22:47:58 - PHP Notice:  Undefined variable: og_image in /home/c/ch41700/battery/public_html/catalog/view/theme/default/template/common/header.tpl on line 23
2017-03-03 22:48:26 - PHP Notice:  Undefined variable: children_data in /home/c/ch41700/battery/public_html/catalog/controller/product/product.php on line 118
2017-03-03 22:48:26 - PHP Notice:  Undefined variable: children_data in /home/c/ch41700/battery/public_html/catalog/controller/product/product.php on line 118
2017-03-03 22:48:26 - PHP Notice:  Undefined variable: children_data in /home/c/ch41700/battery/public_html/catalog/controller/product/product.php on line 118
2017-03-03 22:48:26 - PHP Notice:  Undefined variable: og_url in /home/c/ch41700/battery/public_html/catalog/view/theme/default/template/common/header.tpl on line 22
2017-03-03 22:48:26 - PHP Notice:  Undefined variable: og_image in /home/c/ch41700/battery/public_html/catalog/view/theme/default/template/common/header.tpl on line 23
2017-03-03 22:49:37 - PHP Notice:  Undefined variable: og_url in /home/c/ch41700/battery/public_html/catalog/view/theme/default/template/common/header.tpl on line 22
2017-03-03 22:49:37 - PHP Notice:  Undefined variable: og_image in /home/c/ch41700/battery/public_html/catalog/view/theme/default/template/common/header.tpl on line 23
2017-03-03 22:51:27 - PHP Notice:  Undefined variable: children_data in /home/c/ch41700/battery/public_html/catalog/controller/product/product.php on line 118
2017-03-03 22:51:27 - PHP Notice:  Undefined variable: children_data in /home/c/ch41700/battery/public_html/catalog/controller/product/product.php on line 118
2017-03-03 22:51:27 - PHP Notice:  Undefined variable: children_data in /home/c/ch41700/battery/public_html/catalog/controller/product/product.php on line 118
2017-03-03 22:51:27 - PHP Notice:  Undefined variable: og_url in /home/c/ch41700/battery/public_html/catalog/view/theme/default/template/common/header.tpl on line 22
2017-03-03 22:51:27 - PHP Notice:  Undefined variable: og_image in /home/c/ch41700/battery/public_html/catalog/view/theme/default/template/common/header.tpl on line 23
2017-03-03 22:52:04 - PHP Notice:  Undefined variable: children_data in /home/c/ch41700/battery/public_html/catalog/controller/product/product.php on line 118
2017-03-03 22:52:04 - PHP Notice:  Undefined variable: children_data in /home/c/ch41700/battery/public_html/catalog/controller/product/product.php on line 118
2017-03-03 22:52:04 - PHP Notice:  Undefined variable: children_data in /home/c/ch41700/battery/public_html/catalog/controller/product/product.php on line 118
2017-03-03 22:52:04 - PHP Notice:  Undefined variable: og_url in /home/c/ch41700/battery/public_html/catalog/view/theme/default/template/common/header.tpl on line 22
2017-03-03 22:52:04 - PHP Notice:  Undefined variable: og_image in /home/c/ch41700/battery/public_html/catalog/view/theme/default/template/common/header.tpl on line 23
2017-03-03 22:52:04 - PHP Notice:  Undefined variable: class in /home/c/ch41700/battery/public_html/catalog/view/theme/default/template/product/product.tpl on line 13
2017-03-03 22:53:20 - PHP Notice:  Undefined variable: children_data in /home/c/ch41700/battery/public_html/catalog/controller/product/product.php on line 118
2017-03-03 22:53:20 - PHP Notice:  Undefined variable: children_data in /home/c/ch41700/battery/public_html/catalog/controller/product/product.php on line 118
2017-03-03 22:53:20 - PHP Notice:  Undefined variable: children_data in /home/c/ch41700/battery/public_html/catalog/controller/product/product.php on line 118
2017-03-03 22:53:20 - PHP Notice:  Undefined variable: og_url in /home/c/ch41700/battery/public_html/catalog/view/theme/default/template/common/header.tpl on line 22
2017-03-03 22:53:20 - PHP Notice:  Undefined variable: og_image in /home/c/ch41700/battery/public_html/catalog/view/theme/default/template/common/header.tpl on line 23
2017-03-03 22:54:25 - PHP Notice:  Undefined variable: children_data in /home/c/ch41700/battery/public_html/catalog/controller/product/product.php on line 118
2017-03-03 22:54:25 - PHP Notice:  Undefined variable: children_data in /home/c/ch41700/battery/public_html/catalog/controller/product/product.php on line 118
2017-03-03 22:54:25 - PHP Notice:  Undefined variable: children_data in /home/c/ch41700/battery/public_html/catalog/controller/product/product.php on line 118
2017-03-03 22:54:25 - PHP Notice:  Undefined variable: og_url in /home/c/ch41700/battery/public_html/catalog/view/theme/default/template/common/header.tpl on line 22
2017-03-03 22:54:25 - PHP Notice:  Undefined variable: og_image in /home/c/ch41700/battery/public_html/catalog/view/theme/default/template/common/header.tpl on line 23
2017-03-03 22:55:05 - PHP Notice:  Undefined variable: children_data in /home/c/ch41700/battery/public_html/catalog/controller/product/product.php on line 118
2017-03-03 22:55:05 - PHP Notice:  Undefined variable: children_data in /home/c/ch41700/battery/public_html/catalog/controller/product/product.php on line 118
2017-03-03 22:55:05 - PHP Notice:  Undefined variable: children_data in /home/c/ch41700/battery/public_html/catalog/controller/product/product.php on line 118
2017-03-03 22:55:05 - PHP Notice:  Undefined variable: og_url in /home/c/ch41700/battery/public_html/catalog/view/theme/default/template/common/header.tpl on line 22
2017-03-03 22:55:05 - PHP Notice:  Undefined variable: og_image in /home/c/ch41700/battery/public_html/catalog/view/theme/default/template/common/header.tpl on line 23
2017-03-03 22:55:34 - PHP Notice:  Undefined variable: children_data in /home/c/ch41700/battery/public_html/catalog/controller/product/product.php on line 118
2017-03-03 22:55:34 - PHP Notice:  Undefined variable: children_data in /home/c/ch41700/battery/public_html/catalog/controller/product/product.php on line 118
2017-03-03 22:55:34 - PHP Notice:  Undefined variable: children_data in /home/c/ch41700/battery/public_html/catalog/controller/product/product.php on line 118
2017-03-03 22:55:34 - PHP Notice:  Undefined variable: og_url in /home/c/ch41700/battery/public_html/catalog/view/theme/default/template/common/header.tpl on line 22
2017-03-03 22:55:34 - PHP Notice:  Undefined variable: og_image in /home/c/ch41700/battery/public_html/catalog/view/theme/default/template/common/header.tpl on line 23
2017-03-03 22:55:56 - PHP Notice:  Undefined variable: children_data in /home/c/ch41700/battery/public_html/catalog/controller/product/product.php on line 118
2017-03-03 22:55:56 - PHP Notice:  Undefined variable: children_data in /home/c/ch41700/battery/public_html/catalog/controller/product/product.php on line 118
2017-03-03 22:55:56 - PHP Notice:  Undefined variable: children_data in /home/c/ch41700/battery/public_html/catalog/controller/product/product.php on line 118
2017-03-03 22:55:56 - PHP Notice:  Undefined variable: og_url in /home/c/ch41700/battery/public_html/catalog/view/theme/default/template/common/header.tpl on line 22
2017-03-03 22:55:56 - PHP Notice:  Undefined variable: og_image in /home/c/ch41700/battery/public_html/catalog/view/theme/default/template/common/header.tpl on line 23
2017-03-03 22:56:26 - PHP Notice:  Undefined variable: children_data in /home/c/ch41700/battery/public_html/catalog/controller/product/product.php on line 118
2017-03-03 22:56:26 - PHP Notice:  Undefined variable: children_data in /home/c/ch41700/battery/public_html/catalog/controller/product/product.php on line 118
2017-03-03 22:56:26 - PHP Notice:  Undefined variable: children_data in /home/c/ch41700/battery/public_html/catalog/controller/product/product.php on line 118
2017-03-03 22:56:26 - PHP Notice:  Undefined variable: og_url in /home/c/ch41700/battery/public_html/catalog/view/theme/default/template/common/header.tpl on line 22
2017-03-03 22:56:26 - PHP Notice:  Undefined variable: og_image in /home/c/ch41700/battery/public_html/catalog/view/theme/default/template/common/header.tpl on line 23
2017-03-03 22:57:13 - PHP Notice:  Undefined variable: children_data in /home/c/ch41700/battery/public_html/catalog/controller/product/product.php on line 118
2017-03-03 22:57:13 - PHP Notice:  Undefined variable: children_data in /home/c/ch41700/battery/public_html/catalog/controller/product/product.php on line 118
2017-03-03 22:57:13 - PHP Notice:  Undefined variable: children_data in /home/c/ch41700/battery/public_html/catalog/controller/product/product.php on line 118
2017-03-03 22:57:13 - PHP Notice:  Undefined variable: og_url in /home/c/ch41700/battery/public_html/catalog/view/theme/default/template/common/header.tpl on line 22
2017-03-03 22:57:13 - PHP Notice:  Undefined variable: og_image in /home/c/ch41700/battery/public_html/catalog/view/theme/default/template/common/header.tpl on line 23
2017-03-03 22:58:52 - PHP Notice:  Undefined variable: children_data in /home/c/ch41700/battery/public_html/catalog/controller/product/product.php on line 118
2017-03-03 22:58:52 - PHP Notice:  Undefined variable: children_data in /home/c/ch41700/battery/public_html/catalog/controller/product/product.php on line 118
2017-03-03 22:58:52 - PHP Notice:  Undefined variable: children_data in /home/c/ch41700/battery/public_html/catalog/controller/product/product.php on line 118
2017-03-03 22:58:52 - PHP Notice:  Undefined variable: og_url in /home/c/ch41700/battery/public_html/catalog/view/theme/default/template/common/header.tpl on line 22
2017-03-03 22:58:52 - PHP Notice:  Undefined variable: og_image in /home/c/ch41700/battery/public_html/catalog/view/theme/default/template/common/header.tpl on line 23
2017-03-03 22:59:19 - PHP Notice:  Undefined variable: children_data in /home/c/ch41700/battery/public_html/catalog/controller/product/product.php on line 118
2017-03-03 22:59:19 - PHP Notice:  Undefined variable: children_data in /home/c/ch41700/battery/public_html/catalog/controller/product/product.php on line 118
2017-03-03 22:59:19 - PHP Notice:  Undefined variable: children_data in /home/c/ch41700/battery/public_html/catalog/controller/product/product.php on line 118
2017-03-03 22:59:19 - PHP Notice:  Undefined variable: og_url in /home/c/ch41700/battery/public_html/catalog/view/theme/default/template/common/header.tpl on line 22
2017-03-03 22:59:19 - PHP Notice:  Undefined variable: og_image in /home/c/ch41700/battery/public_html/catalog/view/theme/default/template/common/header.tpl on line 23
2017-03-03 23:00:07 - PHP Notice:  Undefined variable: children_data in /home/c/ch41700/battery/public_html/catalog/controller/product/product.php on line 118
2017-03-03 23:00:07 - PHP Notice:  Undefined variable: children_data in /home/c/ch41700/battery/public_html/catalog/controller/product/product.php on line 118
2017-03-03 23:00:07 - PHP Notice:  Undefined variable: children_data in /home/c/ch41700/battery/public_html/catalog/controller/product/product.php on line 118
2017-03-03 23:00:07 - PHP Notice:  Undefined variable: og_url in /home/c/ch41700/battery/public_html/catalog/view/theme/default/template/common/header.tpl on line 22
2017-03-03 23:00:07 - PHP Notice:  Undefined variable: og_image in /home/c/ch41700/battery/public_html/catalog/view/theme/default/template/common/header.tpl on line 23
2017-03-03 23:00:38 - PHP Notice:  Undefined variable: children_data in /home/c/ch41700/battery/public_html/catalog/controller/product/product.php on line 118
2017-03-03 23:00:38 - PHP Notice:  Undefined variable: children_data in /home/c/ch41700/battery/public_html/catalog/controller/product/product.php on line 118
2017-03-03 23:00:38 - PHP Notice:  Undefined variable: children_data in /home/c/ch41700/battery/public_html/catalog/controller/product/product.php on line 118
2017-03-03 23:00:38 - PHP Notice:  Undefined variable: og_url in /home/c/ch41700/battery/public_html/catalog/view/theme/default/template/common/header.tpl on line 22
2017-03-03 23:00:38 - PHP Notice:  Undefined variable: og_image in /home/c/ch41700/battery/public_html/catalog/view/theme/default/template/common/header.tpl on line 23
2017-03-03 23:01:08 - PHP Notice:  Undefined variable: children_data in /home/c/ch41700/battery/public_html/catalog/controller/product/product.php on line 118
2017-03-03 23:01:08 - PHP Notice:  Undefined variable: children_data in /home/c/ch41700/battery/public_html/catalog/controller/product/product.php on line 118
2017-03-03 23:01:08 - PHP Notice:  Undefined variable: children_data in /home/c/ch41700/battery/public_html/catalog/controller/product/product.php on line 118
2017-03-03 23:01:09 - PHP Notice:  Undefined variable: og_url in /home/c/ch41700/battery/public_html/catalog/view/theme/default/template/common/header.tpl on line 22
2017-03-03 23:01:09 - PHP Notice:  Undefined variable: og_image in /home/c/ch41700/battery/public_html/catalog/view/theme/default/template/common/header.tpl on line 23
2017-03-03 23:04:08 - PHP Notice:  Undefined variable: children_data in /home/c/ch41700/battery/public_html/catalog/controller/product/product.php on line 118
2017-03-03 23:04:08 - PHP Notice:  Undefined variable: children_data in /home/c/ch41700/battery/public_html/catalog/controller/product/product.php on line 118
2017-03-03 23:04:08 - PHP Notice:  Undefined variable: children_data in /home/c/ch41700/battery/public_html/catalog/controller/product/product.php on line 118
2017-03-03 23:04:08 - PHP Notice:  Undefined variable: og_url in /home/c/ch41700/battery/public_html/catalog/view/theme/default/template/common/header.tpl on line 22
2017-03-03 23:04:08 - PHP Notice:  Undefined variable: og_image in /home/c/ch41700/battery/public_html/catalog/view/theme/default/template/common/header.tpl on line 23
2017-03-03 23:04:26 - PHP Notice:  Undefined variable: og_url in /home/c/ch41700/battery/public_html/catalog/view/theme/default/template/common/header.tpl on line 22
2017-03-03 23:04:26 - PHP Notice:  Undefined variable: og_image in /home/c/ch41700/battery/public_html/catalog/view/theme/default/template/common/header.tpl on line 23
2017-03-03 23:04:30 - PHP Notice:  Undefined variable: og_url in /home/c/ch41700/battery/public_html/catalog/view/theme/default/template/common/header.tpl on line 22
2017-03-03 23:04:30 - PHP Notice:  Undefined variable: og_image in /home/c/ch41700/battery/public_html/catalog/view/theme/default/template/common/header.tpl on line 23
2017-03-03 23:04:33 - PHP Notice:  Undefined variable: og_url in /home/c/ch41700/battery/public_html/catalog/view/theme/default/template/common/header.tpl on line 22
2017-03-03 23:04:33 - PHP Notice:  Undefined variable: og_image in /home/c/ch41700/battery/public_html/catalog/view/theme/default/template/common/header.tpl on line 23
2017-03-03 23:04:36 - PHP Notice:  Undefined variable: og_url in /home/c/ch41700/battery/public_html/catalog/view/theme/default/template/common/header.tpl on line 22
2017-03-03 23:04:36 - PHP Notice:  Undefined variable: og_image in /home/c/ch41700/battery/public_html/catalog/view/theme/default/template/common/header.tpl on line 23
2017-03-03 23:04:39 - PHP Notice:  Undefined variable: og_url in /home/c/ch41700/battery/public_html/catalog/view/theme/default/template/common/header.tpl on line 22
2017-03-03 23:04:39 - PHP Notice:  Undefined variable: og_image in /home/c/ch41700/battery/public_html/catalog/view/theme/default/template/common/header.tpl on line 23
2017-03-03 23:05:14 - PHP Notice:  Undefined variable: og_url in /home/c/ch41700/battery/public_html/catalog/view/theme/default/template/common/header.tpl on line 22
2017-03-03 23:05:14 - PHP Notice:  Undefined variable: og_image in /home/c/ch41700/battery/public_html/catalog/view/theme/default/template/common/header.tpl on line 23
2017-03-03 23:05:16 - PHP Notice:  Undefined variable: children_data in /home/c/ch41700/battery/public_html/catalog/controller/product/product.php on line 118
2017-03-03 23:05:16 - PHP Notice:  Undefined variable: children_data in /home/c/ch41700/battery/public_html/catalog/controller/product/product.php on line 118
2017-03-03 23:05:16 - PHP Notice:  Undefined variable: children_data in /home/c/ch41700/battery/public_html/catalog/controller/product/product.php on line 118
2017-03-03 23:05:16 - PHP Notice:  Undefined variable: og_url in /home/c/ch41700/battery/public_html/catalog/view/theme/default/template/common/header.tpl on line 22
2017-03-03 23:05:16 - PHP Notice:  Undefined variable: og_image in /home/c/ch41700/battery/public_html/catalog/view/theme/default/template/common/header.tpl on line 23
2017-03-03 23:06:44 - PHP Notice:  Undefined variable: children_data in /home/c/ch41700/battery/public_html/catalog/controller/product/product.php on line 118
2017-03-03 23:06:44 - PHP Notice:  Undefined variable: children_data in /home/c/ch41700/battery/public_html/catalog/controller/product/product.php on line 118
2017-03-03 23:06:44 - PHP Notice:  Undefined variable: children_data in /home/c/ch41700/battery/public_html/catalog/controller/product/product.php on line 118
2017-03-03 23:06:44 - PHP Notice:  Undefined variable: og_url in /home/c/ch41700/battery/public_html/catalog/view/theme/default/template/common/header.tpl on line 22
2017-03-03 23:06:44 - PHP Notice:  Undefined variable: og_image in /home/c/ch41700/battery/public_html/catalog/view/theme/default/template/common/header.tpl on line 23
2017-03-03 23:07:15 - PHP Notice:  Undefined variable: og_url in /home/c/ch41700/battery/public_html/catalog/view/theme/default/template/common/header.tpl on line 22
2017-03-03 23:07:15 - PHP Notice:  Undefined variable: og_image in /home/c/ch41700/battery/public_html/catalog/view/theme/default/template/common/header.tpl on line 23
2017-03-03 23:08:35 - PHP Notice:  Undefined variable: og_url in /home/c/ch41700/battery/public_html/catalog/view/theme/default/template/common/header.tpl on line 22
2017-03-03 23:08:35 - PHP Notice:  Undefined variable: og_image in /home/c/ch41700/battery/public_html/catalog/view/theme/default/template/common/header.tpl on line 23
2017-03-03 23:08:44 - PHP Notice:  Undefined variable: og_url in /home/c/ch41700/battery/public_html/catalog/view/theme/default/template/common/header.tpl on line 22
2017-03-03 23:08:44 - PHP Notice:  Undefined variable: og_image in /home/c/ch41700/battery/public_html/catalog/view/theme/default/template/common/header.tpl on line 23
2017-03-03 23:08:46 - PHP Notice:  Undefined variable: og_url in /home/c/ch41700/battery/public_html/catalog/view/theme/default/template/common/header.tpl on line 22
2017-03-03 23:08:46 - PHP Notice:  Undefined variable: og_image in /home/c/ch41700/battery/public_html/catalog/view/theme/default/template/common/header.tpl on line 23
2017-03-03 23:08:48 - PHP Notice:  Undefined variable: og_url in /home/c/ch41700/battery/public_html/catalog/view/theme/default/template/common/header.tpl on line 22
2017-03-03 23:08:48 - PHP Notice:  Undefined variable: og_image in /home/c/ch41700/battery/public_html/catalog/view/theme/default/template/common/header.tpl on line 23
2017-03-03 23:08:50 - PHP Notice:  Undefined variable: og_url in /home/c/ch41700/battery/public_html/catalog/view/theme/default/template/common/header.tpl on line 22
2017-03-03 23:08:50 - PHP Notice:  Undefined variable: og_image in /home/c/ch41700/battery/public_html/catalog/view/theme/default/template/common/header.tpl on line 23
2017-03-03 23:09:32 - PHP Notice:  Undefined variable: og_url in /home/c/ch41700/battery/public_html/catalog/view/theme/default/template/common/header.tpl on line 22
2017-03-03 23:09:32 - PHP Notice:  Undefined variable: og_image in /home/c/ch41700/battery/public_html/catalog/view/theme/default/template/common/header.tpl on line 23
2017-03-03 23:09:40 - PHP Notice:  Undefined variable: og_url in /home/c/ch41700/battery/public_html/catalog/view/theme/default/template/common/header.tpl on line 22
2017-03-03 23:09:40 - PHP Notice:  Undefined variable: og_image in /home/c/ch41700/battery/public_html/catalog/view/theme/default/template/common/header.tpl on line 23
2017-03-03 23:09:43 - PHP Notice:  Undefined variable: og_url in /home/c/ch41700/battery/public_html/catalog/view/theme/default/template/common/header.tpl on line 22
2017-03-03 23:09:43 - PHP Notice:  Undefined variable: og_image in /home/c/ch41700/battery/public_html/catalog/view/theme/default/template/common/header.tpl on line 23
2017-03-03 23:09:44 - PHP Notice:  Undefined variable: og_url in /home/c/ch41700/battery/public_html/catalog/view/theme/default/template/common/header.tpl on line 22
2017-03-03 23:09:44 - PHP Notice:  Undefined variable: og_image in /home/c/ch41700/battery/public_html/catalog/view/theme/default/template/common/header.tpl on line 23
2017-03-03 23:09:52 - PHP Notice:  Undefined variable: og_url in /home/c/ch41700/battery/public_html/catalog/view/theme/default/template/common/header.tpl on line 22
2017-03-03 23:09:52 - PHP Notice:  Undefined variable: og_image in /home/c/ch41700/battery/public_html/catalog/view/theme/default/template/common/header.tpl on line 23
2017-03-03 23:10:06 - PHP Notice:  Undefined variable: og_url in /home/c/ch41700/battery/public_html/catalog/view/theme/default/template/common/header.tpl on line 22
2017-03-03 23:10:06 - PHP Notice:  Undefined variable: og_image in /home/c/ch41700/battery/public_html/catalog/view/theme/default/template/common/header.tpl on line 23
2017-03-03 23:10:17 - PHP Notice:  Undefined variable: og_url in /home/c/ch41700/battery/public_html/catalog/view/theme/default/template/common/header.tpl on line 22
2017-03-03 23:10:17 - PHP Notice:  Undefined variable: og_image in /home/c/ch41700/battery/public_html/catalog/view/theme/default/template/common/header.tpl on line 23
2017-03-03 23:10:19 - PHP Notice:  Undefined variable: og_url in /home/c/ch41700/battery/public_html/catalog/view/theme/default/template/common/header.tpl on line 22
2017-03-03 23:10:19 - PHP Notice:  Undefined variable: og_image in /home/c/ch41700/battery/public_html/catalog/view/theme/default/template/common/header.tpl on line 23
2017-03-03 23:10:21 - PHP Notice:  Undefined variable: og_url in /home/c/ch41700/battery/public_html/catalog/view/theme/default/template/common/header.tpl on line 22
2017-03-03 23:10:21 - PHP Notice:  Undefined variable: og_image in /home/c/ch41700/battery/public_html/catalog/view/theme/default/template/common/header.tpl on line 23
2017-03-03 23:10:33 - PHP Notice:  Undefined variable: og_url in /home/c/ch41700/battery/public_html/catalog/view/theme/default/template/common/header.tpl on line 22
2017-03-03 23:10:33 - PHP Notice:  Undefined variable: og_image in /home/c/ch41700/battery/public_html/catalog/view/theme/default/template/common/header.tpl on line 23
2017-03-03 23:10:35 - PHP Notice:  Undefined variable: children_data in /home/c/ch41700/battery/public_html/catalog/controller/product/product.php on line 118
2017-03-03 23:10:35 - PHP Notice:  Undefined variable: children_data in /home/c/ch41700/battery/public_html/catalog/controller/product/product.php on line 118
2017-03-03 23:10:35 - PHP Notice:  Undefined variable: children_data in /home/c/ch41700/battery/public_html/catalog/controller/product/product.php on line 118
2017-03-03 23:10:35 - PHP Notice:  Undefined variable: og_url in /home/c/ch41700/battery/public_html/catalog/view/theme/default/template/common/header.tpl on line 22
2017-03-03 23:10:35 - PHP Notice:  Undefined variable: og_image in /home/c/ch41700/battery/public_html/catalog/view/theme/default/template/common/header.tpl on line 23
